mode: set
mobius/adapter.go:73.44,75.2 1 1
mobius/adapter.go:77.62,81.2 3 1
mobius/adapter.go:83.62,88.2 4 1
mobius/adapter_bash.go:32.47,34.2 1 0
mobius/adapter_bash.go:36.42,36.64 1 0
mobius/adapter_bash.go:38.87,40.19 2 0
mobius/adapter_bash.go:40.19,42.3 1 0
mobius/adapter_bash.go:44.2,50.19 4 0
mobius/adapter_bash.go:50.19,52.17 2 0
mobius/adapter_bash.go:52.17,54.4 1 0
mobius/adapter_bash.go:55.3,55.28 1 0
mobius/adapter_bash.go:58.2,64.27 2 0
mobius/adapter_bash.go:64.27,66.3 1 0
mobius/adapter_bash.go:68.2,70.49 2 0
mobius/adapter_bash.go:70.49,71.60 1 0
mobius/adapter_bash.go:71.60,72.21 1 0
mobius/adapter_bash.go:72.21,74.5 1 0
mobius/adapter_bash.go:75.4,75.110 1 0
mobius/adapter_bash.go:77.3,80.56 4 0
mobius/adapter_bash.go:81.8,86.3 4 0
mobius/adapter_bash.go:87.2,92.40 4 0
mobius/adapter_bash.go:92.40,94.20 2 0
mobius/adapter_bash.go:94.20,96.4 1 0
mobius/adapter_bash.go:97.3,97.54 1 0
mobius/adapter_bash.go:100.2,100.12 1 0
mobius/adapter_bash.go:100.12,103.53 1 0
mobius/adapter_bash.go:103.53,103.77 1 0
mobius/adapter_bash.go:104.3,105.24 2 0
mobius/adapter_bash.go:105.24,107.4 1 0
mobius/adapter_bash.go:108.3,111.17 4 0
mobius/adapter_bash.go:111.17,116.43 3 0
mobius/adapter_bash.go:116.43,118.5 1 0
mobius/adapter_bash.go:119.9,121.4 1 0
mobius/adapter_bash.go:124.2,126.19 2 0
mobius/adapter_bash.go:129.88,131.9 2 0
mobius/adapter_bash.go:131.9,133.3 1 0
mobius/adapter_bash.go:134.2,141.8 4 0
mobius/adapter_bash.go:144.67,146.9 2 0
mobius/adapter_bash.go:146.9,148.3 1 0
mobius/adapter_bash.go:149.2,150.29 2 0
mobius/adapter_bash.go:150.29,154.3 1 0
mobius/adapter_bash.go:154.8,154.35 1 0
mobius/adapter_bash.go:154.35,161.13 3 0
mobius/adapter_bash.go:161.13,162.11 1 0
mobius/adapter_bash.go:163.20,163.20 0 0
mobius/adapter_bash.go:164.39,165.40 1 0
mobius/adapter_bash.go:169.2,172.12 4 0
mobius/adapter_claude_code.go:36.109,38.2 1 1
mobius/adapter_claude_code.go:44.72,45.49 1 1
mobius/adapter_claude_code.go:45.49,47.3 1 1
mobius/adapter_claude_code.go:48.2,59.16 4 1
mobius/adapter_claude_code.go:59.16,62.3 2 0
mobius/adapter_claude_code.go:63.2,64.16 2 1
mobius/adapter_claude_code.go:64.16,67.3 2 0
mobius/adapter_claude_code.go:68.2,68.41 1 1
mobius/adapter_claude_code.go:68.41,73.3 4 0
mobius/adapter_claude_code.go:74.2,75.17 2 1
mobius/adapter_claude_code.go:78.48,78.76 1 0
mobius/adapter_claude_code.go:80.93,90.25 5 0
mobius/adapter_claude_code.go:90.25,94.3 1 0
mobius/adapter_claude_code.go:95.2,98.25 3 0
mobius/adapter_claude_code.go:98.25,100.3 1 0
mobius/adapter_claude_code.go:101.2,108.36 6 0
mobius/adapter_claude_code.go:108.36,110.26 2 0
mobius/adapter_claude_code.go:110.26,112.4 1 0
mobius/adapter_claude_code.go:113.3,113.59 1 0
mobius/adapter_claude_code.go:116.2,116.12 1 0
mobius/adapter_claude_code.go:116.12,120.53 2 0
mobius/adapter_claude_code.go:120.53,120.77 1 0
mobius/adapter_claude_code.go:123.3,123.26 1 0
mobius/adapter_claude_code.go:123.26,125.4 1 0
mobius/adapter_claude_code.go:127.3,130.17 4 0
mobius/adapter_claude_code.go:130.17,135.43 3 0
mobius/adapter_claude_code.go:135.43,137.5 1 0
mobius/adapter_claude_code.go:138.9,140.4 1 0
mobius/adapter_claude_code.go:143.2,144.19 2 0
mobius/adapter_claude_code.go:147.94,149.9 2 0
mobius/adapter_claude_code.go:149.9,151.3 1 0
mobius/adapter_claude_code.go:152.2,159.8 4 0
mobius/adapter_claude_code.go:162.73,164.9 2 0
mobius/adapter_claude_code.go:164.9,166.3 1 0
mobius/adapter_claude_code.go:167.2,168.28 2 0
mobius/adapter_claude_code.go:168.28,175.13 3 0
mobius/adapter_claude_code.go:175.13,176.11 1 0
mobius/adapter_claude_code.go:177.20,177.20 0 0
mobius/adapter_claude_code.go:178.39,179.40 1 0
mobius/adapter_claude_code.go:183.2,186.12 4 0
mobius/adapter_http.go:27.50,31.2 1 1
mobius/adapter_http.go:33.49,33.78 1 0
mobius/adapter_http.go:35.94,37.22 2 0
mobius/adapter_http.go:37.22,39.3 1 0
mobius/adapter_http.go:41.2,59.12 6 0
mobius/adapter_http.go:59.12,64.17 4 0
mobius/adapter_http.go:64.17,67.4 2 0
mobius/adapter_http.go:68.3,69.19 2 0
mobius/adapter_http.go:69.19,71.4 1 0
mobius/adapter_http.go:73.3,74.17 2 0
mobius/adapter_http.go:74.17,77.4 2 0
mobius/adapter_http.go:78.3,79.29 2 0
mobius/adapter_http.go:79.29,83.4 3 0
mobius/adapter_http.go:84.3,84.96 1 0
mobius/adapter_http.go:87.2,87.19 1 0
mobius/adapter_http.go:90.64,96.2 5 0
mobius/adapter_http.go:98.95,100.9 2 1
mobius/adapter_http.go:100.9,102.3 1 0
mobius/adapter_http.go:103.2,110.8 4 1
mobius/adapter_http.go:113.74,116.2 2 0
mobius/adapter_http.go:118.78,120.9 2 1
mobius/adapter_http.go:120.9,122.3 1 0
mobius/adapter_http.go:123.2,127.13 5 1
mobius/adapter_http.go:127.13,129.3 1 1
mobius/adapter_http.go:129.8,132.3 2 1
mobius/adapter_http.go:141.89,142.33 1 1
mobius/adapter_http.go:142.33,145.3 2 1
mobius/adapter_http.go:146.2,151.82 2 1
mobius/adapter_http.go:151.82,154.3 2 1
mobius/adapter_http.go:155.2,155.43 1 1
mobius/adapter_http.go:155.43,158.3 2 1
mobius/adapter_http.go:159.2,160.37 2 1
mobius/adapter_internal.go:34.77,45.2 1 0
mobius/adapter_internal.go:47.49,47.75 1 0
mobius/adapter_internal.go:49.94,62.12 5 0
mobius/adapter_internal.go:62.12,67.53 2 0
mobius/adapter_internal.go:67.53,67.77 1 0
mobius/adapter_internal.go:72.3,77.17 3 0
mobius/adapter_internal.go:77.17,80.4 2 0
mobius/adapter_internal.go:80.9,82.4 1 0
mobius/adapter_internal.go:83.3,83.18 1 0
mobius/adapter_internal.go:86.2,86.19 1 0
mobius/adapter_internal.go:89.95,91.9 2 0
mobius/adapter_internal.go:91.9,93.3 1 0
mobius/adapter_internal.go:94.2,102.8 4 0
mobius/adapter_internal.go:105.74,107.9 2 0
mobius/adapter_internal.go:107.9,109.3 1 0
mobius/adapter_internal.go:110.2,116.12 7 0
mobius/adapter_internal.go:119.126,122.21 3 0
mobius/adapter_internal.go:122.21,124.3 1 0
mobius/adapter_internal.go:126.2,134.60 5 0
mobius/adapter_internal.go:134.60,139.3 1 0
mobius/adapter_internal.go:141.2,142.43 2 0
mobius/adapter_internal.go:142.43,144.3 1 0
mobius/adapter_internal.go:145.2,146.25 2 0
mobius/adapter_internal.go:146.25,148.3 1 0
mobius/adapter_internal.go:150.2,151.16 2 0
mobius/adapter_internal.go:151.16,153.3 1 0
mobius/adapter_internal.go:155.2,156.16 2 0
mobius/adapter_internal.go:156.16,158.3 1 0
mobius/adapter_internal.go:160.2,164.26 1 0
mobius/adapter_internal.go:164.26,172.4 3 0
mobius/adapter_internal.go:173.50,175.4 1 0
mobius/adapter_internal.go:176.35,186.30 9 0
mobius/adapter_internal.go:186.30,188.5 1 0
mobius/adapter_internal.go:189.4,207.6 1 0
mobius/adapter_internal.go:211.2,212.16 2 0
mobius/adapter_internal.go:212.16,214.3 1 0
mobius/adapter_internal.go:216.2,216.89 1 0
mobius/adapter_internal.go:216.89,219.3 1 0
mobius/adapter_internal.go:221.2,221.26 1 0
mobius/adapter_internal.go:227.127,232.2 4 0
mobius/adapter_internal.go:248.131,249.56 1 0
mobius/adapter_internal.go:249.56,251.3 1 0
mobius/adapter_internal.go:252.2,257.56 2 0
mobius/adapter_internal.go:257.56,260.3 2 0
mobius/adapter_internal.go:264.2,264.24 1 0
mobius/adapter_internal.go:264.24,266.3 1 0
mobius/adapter_internal.go:267.2,268.18 2 0
mobius/adapter_internal.go:268.18,270.3 1 0
mobius/adapter_internal.go:271.2,271.17 1 0
mobius/adapter_internal.go:271.17,274.3 2 0
mobius/adapter_internal.go:275.2,275.78 1 0
mobius/adapter_internal.go:278.124,280.19 2 0
mobius/adapter_internal.go:281.23,282.53 1 0
mobius/adapter_internal.go:283.23,284.43 1 0
mobius/adapter_internal.go:285.28,286.44 1 0
mobius/adapter_internal.go:287.21,288.45 1 0
mobius/adapter_internal.go:289.28,290.49 1 0
mobius/adapter_internal.go:291.19,293.17 2 0
mobius/adapter_internal.go:293.17,295.4 1 0
mobius/adapter_internal.go:296.3,297.33 2 0
mobius/adapter_internal.go:297.33,299.4 1 0
mobius/adapter_internal.go:300.3,300.21 1 0
mobius/adapter_internal.go:300.21,302.4 1 0
mobius/adapter_internal.go:303.3,303.64 1 0
mobius/adapter_internal.go:304.22,306.38 2 0
mobius/adapter_internal.go:306.38,308.4 1 0
mobius/adapter_internal.go:309.3,309.90 1 0
mobius/adapter_internal.go:309.90,311.4 1 0
mobius/adapter_internal.go:312.3,312.22 1 0
mobius/adapter_internal.go:312.22,315.4 1 0
mobius/adapter_internal.go:316.3,316.69 1 0
mobius/adapter_internal.go:317.23,319.42 2 0
mobius/adapter_internal.go:319.42,321.4 1 0
mobius/adapter_internal.go:322.3,322.72 1 0
mobius/adapter_internal.go:322.72,324.4 1 0
mobius/adapter_internal.go:325.3,325.70 1 0
mobius/adapter_internal.go:326.28,327.54 1 0
mobius/adapter_internal.go:328.27,329.53 1 0
mobius/adapter_internal.go:330.31,331.57 1 0
mobius/adapter_internal.go:332.29,333.44 1 0
mobius/adapter_internal.go:334.29,335.55 1 0
mobius/adapter_internal.go:336.20,337.41 1 0
mobius/adapter_internal.go:338.18,339.39 1 0
mobius/adapter_internal.go:340.21,341.42 1 0
mobius/adapter_internal.go:342.28,343.55 1 0
mobius/adapter_internal.go:344.26,345.53 1 0
mobius/adapter_internal.go:346.24,347.34 1 0
mobius/adapter_internal.go:348.22,349.43 1 0
mobius/adapter_internal.go:350.25,351.46 1 0
mobius/adapter_internal.go:352.23,353.33 1 0
mobius/adapter_internal.go:354.24,355.52 1 0
mobius/adapter_internal.go:356.24,357.45 1 0
mobius/adapter_internal.go:358.22,359.43 1 0
mobius/adapter_internal.go:360.23,361.44 1 0
mobius/adapter_internal.go:362.23,363.44 1 0
mobius/adapter_internal.go:364.23,365.44 1 0
mobius/adapter_internal.go:366.21,367.42 1 0
mobius/adapter_internal.go:368.22,369.43 1 0
mobius/adapter_internal.go:370.24,371.45 1 0
mobius/adapter_internal.go:372.18,373.52 1 0
mobius/adapter_internal.go:374.23,375.57 1 0
mobius/adapter_internal.go:376.19,377.86 1 0
mobius/adapter_internal.go:378.25,379.59 1 0
mobius/adapter_internal.go:380.20,381.55 1 0
mobius/adapter_internal.go:382.26,383.104 1 0
mobius/adapter_internal.go:384.26,385.82 1 0
mobius/adapter_internal.go:386.38,387.64 1 0
mobius/adapter_internal.go:388.35,389.42 1 0
mobius/adapter_internal.go:390.36,391.42 1 0
mobius/adapter_internal.go:392.29,393.116 1 0
mobius/adapter_internal.go:394.24,395.150 1 0
mobius/adapter_internal.go:396.24,397.112 1 0
mobius/adapter_internal.go:398.29,399.141 1 0
mobius/adapter_internal.go:400.31,402.147 1 0
mobius/adapter_internal.go:403.10,404.63 1 0
mobius/adapter_internal.go:408.110,409.21 1 0
mobius/adapter_internal.go:409.21,411.3 1 0
mobius/adapter_internal.go:412.2,414.19 3 0
mobius/adapter_internal.go:414.19,416.3 1 0
mobius/adapter_internal.go:417.2,418.21 2 0
mobius/adapter_internal.go:418.21,420.3 1 0
mobius/adapter_internal.go:422.2,439.26 4 0
mobius/adapter_internal.go:439.27,439.28 0 0
mobius/adapter_internal.go:442.2,443.16 2 0
mobius/adapter_internal.go:443.16,446.3 2 0
mobius/adapter_internal.go:447.2,447.35 1 0
mobius/adapter_internal_tools.go:32.44,34.43 2 1
mobius/adapter_internal_tools.go:34.43,35.33 1 1
mobius/adapter_internal_tools.go:35.33,37.4 1 1
mobius/adapter_internal_tools.go:39.2,39.12 1 1
mobius/adapter_internal_tools.go:42.138,49.51 6 0
mobius/adapter_internal_tools.go:49.51,51.3 1 0
mobius/adapter_internal_tools.go:53.2,54.16 2 0
mobius/adapter_internal_tools.go:54.16,56.3 1 0
mobius/adapter_internal_tools.go:57.2,57.37 1 0
mobius/adapter_internal_tools.go:57.37,59.3 1 0
mobius/adapter_internal_tools.go:61.2,62.23 2 0
mobius/adapter_internal_tools.go:62.23,64.3 1 0
mobius/adapter_internal_tools.go:65.2,65.20 1 0
mobius/adapter_internal_tools.go:65.20,67.3 1 0
mobius/adapter_internal_tools.go:69.2,77.53 3 0
mobius/adapter_internal_tools.go:77.53,79.3 1 0
mobius/adapter_internal_tools.go:80.2,80.21 1 0
mobius/adapter_internal_tools.go:80.21,82.3 1 0
mobius/adapter_internal_tools.go:83.2,83.59 1 0
mobius/adapter_internal_tools.go:83.59,85.3 1 0
mobius/adapter_internal_tools.go:86.2,86.23 1 0
mobius/adapter_internal_tools.go:86.23,87.63 1 0
mobius/adapter_internal_tools.go:87.63,88.60 1 0
mobius/adapter_internal_tools.go:88.60,90.5 1 0
mobius/adapter_internal_tools.go:94.2,94.28 1 0
mobius/adapter_internal_tools.go:94.28,95.110 1 0
mobius/adapter_internal_tools.go:95.110,97.4 1 0
mobius/adapter_internal_tools.go:100.2,100.21 1 0
mobius/adapter_internal_tools.go:100.21,110.3 1 0
mobius/adapter_internal_tools.go:112.2,113.88 2 0
mobius/adapter_internal_tools.go:116.115,117.63 1 0
mobius/adapter_internal_tools.go:117.63,119.3 1 0
mobius/adapter_internal_tools.go:121.2,126.50 5 0
mobius/adapter_internal_tools.go:126.50,128.3 1 0
mobius/adapter_internal_tools.go:130.2,131.16 2 0
mobius/adapter_internal_tools.go:131.16,133.3 1 0
mobius/adapter_internal_tools.go:134.2,134.57 1 0
mobius/adapter_internal_tools.go:134.57,136.3 1 0
mobius/adapter_internal_tools.go:138.2,144.22 2 0
mobius/adapter_internal_tools.go:144.22,146.3 1 0
mobius/adapter_internal_tools.go:147.2,147.60 1 0
mobius/adapter_internal_tools.go:147.60,149.3 1 0
mobius/adapter_internal_tools.go:150.2,150.23 1 0
mobius/adapter_internal_tools.go:150.23,151.62 1 0
mobius/adapter_internal_tools.go:151.62,153.4 1 0
mobius/adapter_internal_tools.go:156.2,156.21 1 0
mobius/adapter_internal_tools.go:156.21,165.3 1 0
mobius/adapter_internal_tools.go:167.2,168.107 2 0
mobius/adapter_internal_tools.go:171.117,177.18 3 0
mobius/adapter_internal_tools.go:177.18,179.3 1 0
mobius/adapter_internal_tools.go:180.2,180.18 1 0
mobius/adapter_internal_tools.go:180.18,182.3 1 0
mobius/adapter_internal_tools.go:183.2,183.30 1 0
mobius/adapter_internal_tools.go:183.30,185.3 1 0
mobius/adapter_internal_tools.go:186.2,186.88 1 0
mobius/adapter_internal_tools.go:186.88,188.3 1 0
mobius/adapter_internal_tools.go:189.2,189.85 1 0
mobius/adapter_internal_tools.go:189.85,191.3 1 0
mobius/adapter_internal_tools.go:193.2,193.97 1 0
mobius/adapter_internal_tools.go:193.97,195.3 1 0
mobius/adapter_internal_tools.go:197.2,197.21 1 0
mobius/adapter_internal_tools.go:197.21,204.3 1 0
mobius/adapter_internal_tools.go:206.2,207.76 2 0
mobius/adapter_internal_tools.go:210.118,215.34 4 0
mobius/adapter_internal_tools.go:215.34,217.3 1 0
mobius/adapter_internal_tools.go:219.2,219.16 1 0
mobius/adapter_internal_tools.go:220.17,221.87 1 0
mobius/adapter_internal_tools.go:221.87,223.4 1 0
mobius/adapter_internal_tools.go:224.3,224.22 1 0
mobius/adapter_internal_tools.go:224.22,228.4 1 0
mobius/adapter_internal_tools.go:229.3,229.65 1 0
mobius/adapter_internal_tools.go:230.16,231.21 1 0
mobius/adapter_internal_tools.go:231.21,233.4 1 0
mobius/adapter_internal_tools.go:234.3,234.88 1 0
mobius/adapter_internal_tools.go:234.88,236.4 1 0
mobius/adapter_internal_tools.go:237.3,237.103 1 0
mobius/adapter_internal_tools.go:237.103,239.4 1 0
mobius/adapter_internal_tools.go:240.3,240.22 1 0
mobius/adapter_internal_tools.go:240.22,244.4 1 0
mobius/adapter_internal_tools.go:245.3,245.87 1 0
mobius/adapter_internal_tools.go:246.10,247.69 1 0
mobius/adapter_internal_tools.go:251.109,253.18 2 0
mobius/adapter_internal_tools.go:253.18,255.3 1 0
mobius/adapter_internal_tools.go:257.2,258.16 2 0
mobius/adapter_internal_tools.go:258.16,260.3 1 0
mobius/adapter_internal_tools.go:262.2,264.23 2 0
mobius/adapter_internal_tools.go:264.23,267.3 2 0
mobius/adapter_internal_tools.go:269.2,270.16 2 0
mobius/adapter_internal_tools.go:270.16,274.3 3 0
mobius/adapter_internal_tools.go:276.2,277.31 2 0
mobius/adapter_internal_tools.go:277.31,279.25 2 0
mobius/adapter_internal_tools.go:279.25,281.4 1 0
mobius/adapter_internal_tools.go:282.3,285.5 1 0
mobius/adapter_internal_tools.go:287.2,287.18 1 0
mobius/adapter_internal_tools.go:287.18,289.3 1 0
mobius/adapter_internal_tools.go:290.2,292.15 3 0
mobius/adapter_internal_tools.go:295.120,296.27 1 0
mobius/adapter_internal_tools.go:296.27,298.3 1 0
mobius/adapter_internal_tools.go:299.2,301.33 3 0
mobius/adapter_internal_tools.go:301.33,303.3 1 0
mobius/adapter_internal_tools.go:305.2,306.16 2 0
mobius/adapter_internal_tools.go:306.16,308.3 1 0
mobius/adapter_internal_tools.go:310.2,311.16 2 0
mobius/adapter_internal_tools.go:311.16,313.3 1 0
mobius/adapter_internal_tools.go:314.2,314.66 1 0
mobius/adapter_internal_tools.go:314.66,316.3 1 0
mobius/adapter_internal_tools.go:317.2,317.70 1 0
mobius/adapter_internal_tools.go:317.70,319.3 1 0
mobius/adapter_internal_tools.go:321.2,321.23 1 0
mobius/adapter_internal_tools.go:321.23,328.28 7 0
mobius/adapter_internal_tools.go:328.28,331.4 2 0
mobius/adapter_internal_tools.go:332.3,341.66 2 0
mobius/adapter_internal_tools.go:341.66,343.4 1 0
mobius/adapter_internal_tools.go:346.2,346.21 1 0
mobius/adapter_internal_tools.go:346.21,350.3 1 0
mobius/adapter_internal_tools.go:352.2,352.81 1 0
mobius/adapter_internal_tools.go:355.119,356.27 1 0
mobius/adapter_internal_tools.go:356.27,358.3 1 0
mobius/adapter_internal_tools.go:359.2,360.16 2 0
mobius/adapter_internal_tools.go:360.16,362.3 1 0
mobius/adapter_internal_tools.go:364.2,365.16 2 0
mobius/adapter_internal_tools.go:365.16,367.3 1 0
mobius/adapter_internal_tools.go:369.2,370.16 2 0
mobius/adapter_internal_tools.go:370.16,372.3 1 0
mobius/adapter_internal_tools.go:373.2,374.16 2 0
mobius/adapter_internal_tools.go:374.16,376.3 1 0
mobius/adapter_internal_tools.go:377.2,377.82 1 0
mobius/adapter_internal_tools.go:380.123,381.48 1 0
mobius/adapter_internal_tools.go:381.48,383.3 1 0
mobius/adapter_internal_tools.go:384.2,387.16 4 0
mobius/adapter_internal_tools.go:387.16,389.3 1 0
mobius/adapter_internal_tools.go:390.2,391.31 2 0
mobius/adapter_internal_tools.go:391.31,395.3 1 0
mobius/adapter_internal_tools.go:396.2,396.20 1 0
mobius/adapter_internal_tools.go:396.20,398.3 1 0
mobius/adapter_internal_tools.go:399.2,399.66 1 0
mobius/adapter_internal_tools.go:402.100,403.48 1 0
mobius/adapter_internal_tools.go:403.48,405.3 1 0
mobius/adapter_internal_tools.go:406.2,407.16 2 0
mobius/adapter_internal_tools.go:407.16,409.3 1 0
mobius/adapter_internal_tools.go:410.2,411.31 2 0
mobius/adapter_internal_tools.go:411.31,415.3 1 0
mobius/adapter_internal_tools.go:416.2,416.20 1 0
mobius/adapter_internal_tools.go:416.20,418.3 1 0
mobius/adapter_internal_tools.go:419.2,419.66 1 0
mobius/adapter_internal_tools.go:422.121,423.27 1 0
mobius/adapter_internal_tools.go:423.27,425.3 1 0
mobius/adapter_internal_tools.go:426.2,427.19 2 0
mobius/adapter_internal_tools.go:427.19,429.3 1 0
mobius/adapter_internal_tools.go:430.2,430.49 1 0
mobius/adapter_internal_tools.go:430.49,433.3 2 0
mobius/adapter_internal_tools.go:435.2,436.16 2 0
mobius/adapter_internal_tools.go:436.16,438.3 1 0
mobius/adapter_internal_tools.go:440.2,447.49 7 0
mobius/adapter_internal_tools.go:447.49,449.3 1 0
mobius/adapter_internal_tools.go:449.8,451.3 1 0
mobius/adapter_internal_tools.go:452.2,452.20 1 0
mobius/adapter_internal_tools.go:452.20,454.3 1 0
mobius/adapter_internal_tools.go:455.2,460.21 4 0
mobius/adapter_internal_tools.go:460.21,469.3 1 0
mobius/adapter_internal_tools.go:471.2,474.3 1 0
mobius/adapter_internal_tools.go:477.101,482.16 5 0
mobius/adapter_internal_tools.go:482.16,484.3 1 0
mobius/adapter_internal_tools.go:485.2,486.26 2 0
mobius/adapter_internal_tools.go:486.26,488.24 2 0
mobius/adapter_internal_tools.go:488.24,490.4 1 0
mobius/adapter_internal_tools.go:491.3,491.25 1 0
mobius/adapter_internal_tools.go:491.25,493.4 1 0
mobius/adapter_internal_tools.go:494.3,494.31 1 0
mobius/adapter_internal_tools.go:496.2,496.20 1 0
mobius/adapter_internal_tools.go:496.20,498.3 1 0
mobius/adapter_internal_tools.go:499.2,499.64 1 0
mobius/adapter_internal_tools.go:502.99,504.18 2 0
mobius/adapter_internal_tools.go:504.18,506.3 1 0
mobius/adapter_internal_tools.go:507.2,508.16 2 0
mobius/adapter_internal_tools.go:508.16,510.3 1 0
mobius/adapter_internal_tools.go:511.2,514.3 1 0
mobius/adapter_internal_tools.go:517.102,519.18 2 0
mobius/adapter_internal_tools.go:519.18,521.3 1 0
mobius/adapter_internal_tools.go:522.2,523.41 2 0
mobius/adapter_internal_tools.go:523.41,525.3 1 0
mobius/adapter_internal_tools.go:526.2,526.40 1 0
mobius/adapter_internal_tools.go:526.40,528.3 1 0
mobius/adapter_internal_tools.go:529.2,529.44 1 0
mobius/adapter_internal_tools.go:529.44,531.3 1 0
mobius/adapter_internal_tools.go:532.2,532.47 1 0
mobius/adapter_internal_tools.go:532.47,534.3 1 0
mobius/adapter_internal_tools.go:535.2,535.99 1 0
mobius/adapter_internal_tools.go:535.99,537.3 1 0
mobius/adapter_internal_tools.go:538.2,538.63 1 0
mobius/adapter_internal_tools.go:541.125,545.34 4 0
mobius/adapter_internal_tools.go:545.34,547.3 1 0
mobius/adapter_internal_tools.go:548.2,548.93 1 0
mobius/adapter_internal_tools.go:548.93,550.3 1 0
mobius/adapter_internal_tools.go:551.2,551.85 1 0
mobius/adapter_internal_tools.go:554.123,557.35 3 0
mobius/adapter_internal_tools.go:557.35,559.3 1 0
mobius/adapter_internal_tools.go:560.2,560.85 1 0
mobius/adapter_internal_tools.go:560.85,562.3 1 0
mobius/adapter_internal_tools.go:563.2,563.65 1 0
mobius/adapter_internal_tools.go:566.84,568.16 2 0
mobius/adapter_internal_tools.go:568.16,570.3 1 0
mobius/adapter_internal_tools.go:571.2,572.30 2 0
mobius/adapter_internal_tools.go:572.30,574.25 2 0
mobius/adapter_internal_tools.go:574.25,576.4 1 0
mobius/adapter_internal_tools.go:577.3,577.31 1 0
mobius/adapter_internal_tools.go:579.2,579.20 1 0
mobius/adapter_internal_tools.go:579.20,581.3 1 0
mobius/adapter_internal_tools.go:582.2,582.68 1 0
mobius/adapter_internal_tools.go:585.103,587.17 2 0
mobius/adapter_internal_tools.go:587.17,589.3 1 0
mobius/adapter_internal_tools.go:590.2,591.16 2 0
mobius/adapter_internal_tools.go:591.16,593.3 1 0
mobius/adapter_internal_tools.go:594.2,598.3 1 0
mobius/adapter_internal_tools.go:601.106,603.17 2 0
mobius/adapter_internal_tools.go:603.17,605.3 1 0
mobius/adapter_internal_tools.go:606.2,607.16 2 0
mobius/adapter_internal_tools.go:607.16,609.3 1 0
mobius/adapter_internal_tools.go:610.2,610.41 1 0
mobius/adapter_internal_tools.go:610.41,612.3 1 0
mobius/adapter_internal_tools.go:613.2,613.45 1 0
mobius/adapter_internal_tools.go:613.45,615.3 1 0
mobius/adapter_internal_tools.go:616.2,616.39 1 0
mobius/adapter_internal_tools.go:616.39,618.23 2 0
mobius/adapter_internal_tools.go:618.23,619.31 1 0
mobius/adapter_internal_tools.go:619.31,621.5 1 0
mobius/adapter_internal_tools.go:623.3,623.18 1 0
mobius/adapter_internal_tools.go:625.2,625.67 1 0
mobius/adapter_internal_tools.go:625.67,627.3 1 0
mobius/adapter_internal_tools.go:628.2,628.66 1 0
mobius/adapter_internal_tools.go:631.83,633.16 2 0
mobius/adapter_internal_tools.go:633.16,635.3 1 0
mobius/adapter_internal_tools.go:636.2,637.29 2 0
mobius/adapter_internal_tools.go:637.29,639.21 2 0
mobius/adapter_internal_tools.go:639.21,641.4 1 0
mobius/adapter_internal_tools.go:642.3,642.31 1 0
mobius/adapter_internal_tools.go:644.2,644.20 1 0
mobius/adapter_internal_tools.go:644.20,646.3 1 0
mobius/adapter_internal_tools.go:647.2,647.67 1 0
mobius/adapter_internal_tools.go:650.122,653.16 3 0
mobius/adapter_internal_tools.go:653.16,655.3 1 0
mobius/adapter_internal_tools.go:656.2,661.16 2 0
mobius/adapter_internal_tools.go:661.16,663.3 1 0
mobius/adapter_internal_tools.go:664.2,664.78 1 0
mobius/adapter_internal_tools.go:667.105,669.21 2 0
mobius/adapter_internal_tools.go:669.21,671.3 1 0
mobius/adapter_internal_tools.go:672.2,673.47 2 0
mobius/adapter_internal_tools.go:673.47,675.3 1 0
mobius/adapter_internal_tools.go:676.2,676.42 1 0
mobius/adapter_internal_tools.go:676.42,678.3 1 0
mobius/adapter_internal_tools.go:679.2,679.91 1 0
mobius/adapter_internal_tools.go:679.91,681.3 1 0
mobius/adapter_internal_tools.go:682.2,682.69 1 0
mobius/adapter_internal_tools.go:685.103,686.23 1 0
mobius/adapter_internal_tools.go:686.23,688.3 1 0
mobius/adapter_internal_tools.go:689.2,691.16 3 0
mobius/adapter_internal_tools.go:691.16,693.3 1 0
mobius/adapter_internal_tools.go:694.2,695.28 2 0
mobius/adapter_internal_tools.go:695.28,697.3 1 0
mobius/adapter_internal_tools.go:698.2,698.20 1 0
mobius/adapter_internal_tools.go:698.20,700.3 1 0
mobius/adapter_internal_tools.go:701.2,701.66 1 0
mobius/adapter_internal_tools.go:704.104,705.23 1 0
mobius/adapter_internal_tools.go:705.23,707.3 1 0
mobius/adapter_internal_tools.go:708.2,710.34 3 0
mobius/adapter_internal_tools.go:710.34,712.3 1 0
mobius/adapter_internal_tools.go:713.2,714.39 2 0
mobius/adapter_internal_tools.go:714.39,715.23 1 0
mobius/adapter_internal_tools.go:715.23,716.31 1 0
mobius/adapter_internal_tools.go:716.31,718.5 1 0
mobius/adapter_internal_tools.go:721.2,721.17 1 0
mobius/adapter_internal_tools.go:721.17,723.3 1 0
mobius/adapter_internal_tools.go:724.2,725.55 2 0
mobius/adapter_internal_tools.go:725.55,727.3 1 0
mobius/adapter_internal_tools.go:728.2,728.63 1 0
mobius/adapter_internal_tools.go:731.104,732.23 1 0
mobius/adapter_internal_tools.go:732.23,734.3 1 0
mobius/adapter_internal_tools.go:735.2,736.20 2 0
mobius/adapter_internal_tools.go:736.20,738.3 1 0
mobius/adapter_internal_tools.go:739.2,740.16 2 0
mobius/adapter_internal_tools.go:740.16,742.3 1 0
mobius/adapter_internal_tools.go:743.2,743.41 1 0
mobius/adapter_internal_tools.go:743.41,745.3 1 0
mobius/adapter_internal_tools.go:746.2,746.43 1 0
mobius/adapter_internal_tools.go:746.43,748.3 1 0
mobius/adapter_internal_tools.go:749.2,749.39 1 0
mobius/adapter_internal_tools.go:749.39,751.23 2 0
mobius/adapter_internal_tools.go:751.23,752.31 1 0
mobius/adapter_internal_tools.go:752.31,754.5 1 0
mobius/adapter_internal_tools.go:756.3,756.16 1 0
mobius/adapter_internal_tools.go:758.2,758.55 1 0
mobius/adapter_internal_tools.go:758.55,760.3 1 0
mobius/adapter_internal_tools.go:761.2,761.67 1 0
mobius/adapter_internal_tools.go:764.104,765.23 1 0
mobius/adapter_internal_tools.go:765.23,767.3 1 0
mobius/adapter_internal_tools.go:768.2,769.20 2 0
mobius/adapter_internal_tools.go:769.20,771.3 1 0
mobius/adapter_internal_tools.go:772.2,772.63 1 0
mobius/adapter_internal_tools.go:772.63,774.3 1 0
mobius/adapter_internal_tools.go:775.2,775.67 1 0
mobius/adapter_internal_tools.go:778.128,780.20 2 0
mobius/adapter_internal_tools.go:780.20,782.3 1 0
mobius/adapter_internal_tools.go:783.2,783.23 1 0
mobius/adapter_internal_tools.go:783.23,785.3 1 0
mobius/adapter_internal_tools.go:787.2,798.62 3 0
mobius/adapter_internal_tools.go:798.62,800.3 1 0
mobius/adapter_internal_tools.go:804.2,804.81 1 0
mobius/adapter_internal_tools.go:804.81,806.3 1 0
mobius/adapter_internal_tools.go:807.2,807.109 1 0
mobius/adapter_internal_tools.go:807.109,809.3 1 0
mobius/adapter_internal_tools.go:811.2,816.3 2 0
mobius/adapter_internal_tools.go:819.133,822.21 3 0
mobius/adapter_internal_tools.go:822.21,824.3 1 0
mobius/adapter_internal_tools.go:825.2,825.23 1 0
mobius/adapter_internal_tools.go:825.23,827.3 1 0
mobius/adapter_internal_tools.go:829.2,840.62 3 0
mobius/adapter_internal_tools.go:840.62,842.3 1 0
mobius/adapter_internal_tools.go:844.2,850.3 2 0
mobius/adapter_internal_tools.go:853.102,854.23 1 0
mobius/adapter_internal_tools.go:854.23,856.3 1 0
mobius/adapter_internal_tools.go:857.2,859.16 3 0
mobius/adapter_internal_tools.go:859.16,861.3 1 0
mobius/adapter_internal_tools.go:862.2,863.27 2 0
mobius/adapter_internal_tools.go:863.27,865.3 1 0
mobius/adapter_internal_tools.go:866.2,866.20 1 0
mobius/adapter_internal_tools.go:866.20,868.3 1 0
mobius/adapter_internal_tools.go:869.2,869.65 1 0
mobius/adapter_internal_tools.go:872.103,875.34 3 0
mobius/adapter_internal_tools.go:875.34,877.3 1 0
mobius/adapter_internal_tools.go:878.2,878.23 1 0
mobius/adapter_internal_tools.go:878.23,880.3 1 0
mobius/adapter_internal_tools.go:881.2,881.68 1 0
mobius/adapter_internal_tools.go:881.68,883.3 1 0
mobius/adapter_internal_tools.go:884.2,884.88 1 0
mobius/adapter_internal_tools.go:886.105,889.34 3 0
mobius/adapter_internal_tools.go:889.34,891.3 1 0
mobius/adapter_internal_tools.go:892.2,892.23 1 0
mobius/adapter_internal_tools.go:892.23,894.3 1 0
mobius/adapter_internal_tools.go:895.2,895.70 1 0
mobius/adapter_internal_tools.go:895.70,897.3 1 0
mobius/adapter_internal_tools.go:898.2,898.90 1 0
mobius/adapter_internal_tools.go:907.71,908.67 1 0
mobius/adapter_internal_tools.go:908.67,910.3 1 0
mobius/adapter_internal_tools.go:911.2,911.62 1 0
mobius/adapter_internal_tools.go:911.62,913.3 1 0
mobius/adapter_internal_tools.go:914.2,914.61 1 0
mobius/adapter_internal_tools.go:914.61,916.3 1 0
mobius/adapter_internal_tools.go:917.2,917.11 1 0
mobius/adapter_internal_tools.go:920.92,922.20 2 0
mobius/adapter_internal_tools.go:922.20,924.3 1 0
mobius/adapter_internal_tools.go:926.2,927.43 2 0
mobius/adapter_internal_tools.go:927.43,929.3 1 0
mobius/adapter_internal_tools.go:931.2,932.16 2 0
mobius/adapter_internal_tools.go:932.16,934.3 1 0
mobius/adapter_internal_tools.go:935.2,935.49 1 0
mobius/adapter_internal_tools.go:938.54,941.16 3 0
mobius/adapter_internal_tools.go:941.16,943.17 2 0
mobius/adapter_internal_tools.go:943.17,945.4 1 0
mobius/adapter_internal_tools.go:947.2,947.48 1 0
mobius/adapter_internal_tools.go:950.54,952.2 1 0
mobius/adapter_internal_tools.go:954.137,957.43 3 0
mobius/adapter_internal_tools.go:957.43,959.3 1 0
mobius/adapter_internal_tools.go:960.2,960.21 1 0
mobius/adapter_internal_tools.go:960.21,962.3 1 0
mobius/adapter_internal_tools.go:964.2,967.54 3 0
mobius/adapter_internal_tools.go:967.54,969.3 1 0
mobius/adapter_internal_tools.go:971.2,972.16 2 0
mobius/adapter_internal_tools.go:972.16,974.3 1 0
mobius/adapter_internal_tools.go:976.2,981.3 1 0
mobius/adapter_internal_tools.go:988.186,989.28 1 0
mobius/adapter_internal_tools.go:989.28,991.3 1 0
mobius/adapter_internal_tools.go:992.2,992.21 1 0
mobius/adapter_internal_tools.go:992.21,994.3 1 0
mobius/adapter_internal_tools.go:995.2,995.20 1 0
mobius/adapter_internal_tools.go:995.20,997.3 1 0
mobius/adapter_internal_tools.go:999.2,1000.16 2 0
mobius/adapter_internal_tools.go:1000.16,1002.3 1 0
mobius/adapter_internal_tools.go:1004.2,1005.24 2 0
mobius/adapter_internal_tools.go:1005.24,1007.47 2 0
mobius/adapter_internal_tools.go:1007.47,1009.4 1 0
mobius/adapter_internal_tools.go:1010.3,1010.47 1 0
mobius/adapter_internal_tools.go:1013.2,1015.16 3 0
mobius/adapter_internal_tools.go:1015.16,1017.3 1 0
mobius/adapter_internal_tools.go:1018.2,1018.66 1 0
mobius/adapter_internal_tools.go:1018.66,1020.3 1 0
mobius/adapter_internal_tools.go:1023.2,1023.40 1 0
mobius/adapter_internal_tools.go:1023.40,1024.72 1 0
mobius/adapter_internal_tools.go:1024.72,1026.4 1 0
mobius/adapter_internal_tools.go:1027.8,1030.18 3 0
mobius/adapter_internal_tools.go:1030.18,1032.4 1 0
mobius/adapter_internal_tools.go:1033.3,1033.62 1 0
mobius/adapter_internal_tools.go:1033.62,1035.4 1 0
mobius/adapter_internal_tools.go:1038.2,1039.16 2 0
mobius/adapter_internal_tools.go:1039.16,1041.3 1 0
mobius/adapter_internal_tools.go:1043.2,1044.20 2 0
mobius/adapter_internal_tools.go:1044.20,1046.3 1 0
mobius/adapter_internal_tools.go:1047.2,1050.41 4 0
mobius/adapter_internal_tools.go:1050.41,1052.24 2 0
mobius/adapter_internal_tools.go:1052.24,1055.4 2 0
mobius/adapter_internal_tools.go:1055.9,1057.4 1 0
mobius/adapter_internal_tools.go:1060.2,1061.39 2 0
mobius/adapter_internal_tools.go:1061.39,1062.23 1 0
mobius/adapter_internal_tools.go:1062.23,1063.31 1 0
mobius/adapter_internal_tools.go:1063.31,1065.5 1 0
mobius/adapter_internal_tools.go:1068.2,1068.20 1 0
mobius/adapter_internal_tools.go:1068.20,1070.3 1 0
mobius/adapter_internal_tools.go:1072.2,1090.57 3 0
mobius/adapter_internal_tools.go:1090.57,1092.3 1 0
mobius/adapter_internal_tools.go:1093.2,1093.16 1 0
mobius/adapter_internal_tools.go:1093.16,1095.3 1 0
mobius/adapter_internal_tools.go:1097.2,1104.3 2 0
mobius/adapter_internal_tools.go:1111.101,1112.15 1 0
mobius/adapter_internal_tools.go:1112.15,1113.64 1 0
mobius/adapter_internal_tools.go:1113.64,1115.4 1 0
mobius/adapter_internal_tools.go:1117.2,1117.62 1 0
mobius/adapter_internal_tools.go:1120.192,1125.35 4 0
mobius/adapter_internal_tools.go:1125.35,1127.3 1 0
mobius/adapter_internal_tools.go:1128.2,1128.21 1 0
mobius/adapter_internal_tools.go:1128.21,1130.3 1 0
mobius/adapter_internal_tools.go:1131.2,1131.16 1 0
mobius/adapter_internal_tools.go:1131.16,1133.3 1 0
mobius/adapter_internal_tools.go:1137.2,1139.15 3 0
mobius/adapter_internal_tools.go:1139.15,1140.60 1 0
mobius/adapter_internal_tools.go:1140.60,1143.4 2 0
mobius/adapter_internal_tools.go:1145.2,1150.16 4 0
mobius/adapter_internal_tools.go:1150.16,1152.3 1 0
mobius/adapter_internal_tools.go:1154.2,1155.17 2 0
mobius/adapter_internal_tools.go:1155.17,1156.57 1 0
mobius/adapter_internal_tools.go:1156.57,1158.4 1 0
mobius/adapter_internal_tools.go:1164.2,1164.15 1 0
mobius/adapter_internal_tools.go:1164.15,1166.3 1 0
mobius/adapter_internal_tools.go:1168.2,1168.68 1 0
mobius/adapter_internal_tools.go:1173.173,1176.17 3 0
mobius/adapter_internal_tools.go:1176.17,1179.3 2 0
mobius/adapter_internal_tools.go:1181.2,1183.17 3 0
mobius/adapter_internal_tools.go:1183.17,1185.3 1 0
mobius/adapter_internal_tools.go:1187.2,1207.57 3 0
mobius/adapter_internal_tools.go:1207.57,1210.3 2 0
mobius/adapter_internal_tools.go:1211.2,1211.34 1 0
mobius/adapter_internal_tools.go:1211.34,1213.3 1 0
mobius/adapter_internal_tools.go:1214.2,1214.119 1 0
mobius/adapter_internal_tools.go:1217.133,1222.35 4 0
mobius/adapter_internal_tools.go:1222.35,1224.3 1 0
mobius/adapter_internal_tools.go:1225.2,1225.21 1 0
mobius/adapter_internal_tools.go:1225.21,1227.3 1 0
mobius/adapter_internal_tools.go:1228.2,1228.19 1 0
mobius/adapter_internal_tools.go:1228.19,1230.3 1 0
mobius/adapter_internal_tools.go:1232.2,1238.16 5 0
mobius/adapter_internal_tools.go:1238.16,1240.3 1 0
mobius/adapter_internal_tools.go:1242.2,1242.68 1 0
mobius/adapter_internal_tools.go:1245.167,1247.22 2 0
mobius/adapter_internal_tools.go:1247.22,1249.3 1 0
mobius/adapter_internal_tools.go:1250.2,1250.21 1 0
mobius/adapter_internal_tools.go:1250.21,1252.3 1 0
mobius/adapter_internal_tools.go:1254.2,1259.16 4 0
mobius/adapter_internal_tools.go:1259.16,1261.3 1 0
mobius/adapter_internal_tools.go:1264.2,1264.15 1 0
mobius/adapter_internal_tools.go:1264.15,1272.55 6 0
mobius/adapter_internal_tools.go:1272.55,1277.19 4 0
mobius/adapter_internal_tools.go:1277.19,1279.5 1 0
mobius/adapter_internal_tools.go:1280.4,1280.26 1 0
mobius/adapter_internal_tools.go:1280.26,1282.5 1 0
mobius/adapter_internal_tools.go:1282.10,1284.5 1 0
mobius/adapter_internal_tools.go:1285.9,1287.4 1 0
mobius/adapter_internal_tools.go:1289.3,1293.19 4 0
mobius/adapter_internal_tools.go:1293.19,1295.4 1 0
mobius/adapter_internal_tools.go:1297.3,1314.58 2 0
mobius/adapter_internal_tools.go:1314.58,1316.4 1 0
mobius/adapter_internal_tools.go:1316.9,1318.4 1 0
mobius/adapter_internal_tools.go:1321.2,1322.34 2 0
mobius/adapter_internal_tools.go:1322.34,1324.3 1 0
mobius/adapter_internal_tools.go:1326.2,1330.3 1 0
mobius/adapter_internal_tools.go:1333.130,1335.92 2 1
mobius/adapter_internal_tools.go:1335.92,1339.3 3 0
mobius/adapter_internal_tools.go:1341.2,1341.22 1 1
mobius/adapter_internal_tools.go:1341.22,1345.3 3 1
mobius/adapter_internal_tools.go:1347.2,1348.22 2 0
mobius/adapter_internal_tools.go:1348.22,1350.3 1 0
mobius/adapter_internal_tools.go:1352.2,1353.19 2 0
mobius/adapter_internal_tools.go:1353.19,1355.3 1 0
mobius/adapter_internal_tools.go:1357.2,1358.19 2 0
mobius/adapter_internal_tools.go:1358.19,1360.3 1 0
mobius/adapter_internal_tools.go:1362.2,1372.16 5 0
mobius/adapter_internal_tools.go:1372.16,1374.3 1 0
mobius/adapter_internal_tools.go:1376.2,1376.84 1 0
mobius/adapter_internal_tools.go:1376.84,1378.3 1 0
mobius/adapter_internal_tools.go:1380.2,1381.24 2 0
mobius/adapter_internal_tools.go:1381.24,1383.3 1 0
mobius/adapter_internal_tools.go:1385.2,1385.68 1 0
mobius/adapter_internal_tools.go:1385.68,1387.3 1 0
mobius/adapter_internal_tools.go:1389.2,1389.49 1 0
mobius/adapter_internal_tools.go:1392.100,1394.68 2 1
mobius/adapter_internal_tools.go:1394.68,1396.3 1 0
mobius/adapter_internal_tools.go:1397.2,1397.58 1 1
mobius/adapter_internal_tools.go:1400.47,1402.21 2 0
mobius/adapter_internal_tools.go:1402.21,1404.3 1 0
mobius/adapter_internal_tools.go:1405.2,1408.22 4 0
mobius/adapter_internal_tools.go:1408.22,1410.3 1 0
mobius/adapter_internal_tools.go:1411.2,1412.18 2 0
mobius/adapter_internal_tools.go:1412.18,1414.3 1 0
mobius/adapter_internal_tools.go:1415.2,1415.17 1 0
mobius/adapter_internal_tools.go:1415.17,1416.18 1 0
mobius/adapter_internal_tools.go:1416.18,1418.4 1 0
mobius/adapter_internal_tools.go:1419.3,1419.15 1 0
mobius/adapter_internal_tools.go:1420.8,1421.19 1 0
mobius/adapter_internal_tools.go:1421.19,1423.4 1 0
mobius/adapter_internal_tools.go:1424.3,1424.15 1 0
mobius/adapter_internal_tools.go:1428.71,1438.16 8 1
mobius/adapter_internal_tools.go:1438.16,1440.3 1 0
mobius/adapter_internal_tools.go:1441.2,1461.34 17 1
mobius/adapter_internal_tools.go:1461.34,1465.30 4 1
mobius/adapter_internal_tools.go:1465.30,1467.14 2 1
mobius/adapter_internal_tools.go:1467.14,1469.5 1 1
mobius/adapter_internal_tools.go:1470.4,1471.61 2 1
mobius/adapter_internal_tools.go:1473.3,1474.44 2 1
mobius/adapter_internal_tools.go:1477.2,1477.12 1 1
mobius/adapter_internal_tools.go:1484.79,1488.55 3 1
mobius/adapter_internal_tools.go:1488.55,1491.17 3 1
mobius/adapter_internal_tools.go:1491.17,1493.4 1 0
mobius/adapter_internal_tools.go:1494.3,1495.23 2 1
mobius/adapter_internal_tools.go:1498.2,1498.59 1 1
mobius/adapter_internal_tools.go:1498.59,1504.30 5 1
mobius/adapter_internal_tools.go:1504.30,1507.18 3 1
mobius/adapter_internal_tools.go:1507.18,1509.13 2 0
mobius/adapter_internal_tools.go:1511.4,1513.76 3 1
mobius/adapter_internal_tools.go:1515.3,1515.40 1 1
mobius/adapter_internal_tools.go:1518.2,1518.65 1 0
mobius/adapter_internal_tools.go:1518.65,1521.17 3 0
mobius/adapter_internal_tools.go:1521.17,1524.18 3 0
mobius/adapter_internal_tools.go:1524.18,1526.5 1 0
mobius/adapter_internal_tools.go:1528.3,1529.23 2 0
mobius/adapter_internal_tools.go:1532.2,1532.58 1 0
mobius/adapter_internal_tools.go:1535.57,1537.16 2 1
mobius/adapter_internal_tools.go:1537.16,1539.3 1 0
mobius/adapter_internal_tools.go:1540.2,1540.26 1 1
mobius/adapter_internal_tools.go:1543.34,1570.2 1 1
mobius/adapter_internal_tools.go:1577.112,1582.75 4 1
mobius/adapter_internal_tools.go:1582.75,1584.3 1 0
mobius/adapter_internal_tools.go:1587.2,1595.92 5 1
mobius/adapter_internal_tools.go:1595.92,1597.27 2 1
mobius/adapter_internal_tools.go:1597.27,1599.4 1 0
mobius/adapter_internal_tools.go:1600.3,1604.30 5 1
mobius/adapter_internal_tools.go:1604.30,1606.4 1 0
mobius/adapter_internal_tools.go:1607.3,1607.74 1 1
mobius/adapter_internal_tools.go:1611.2,1612.94 2 1
mobius/adapter_internal_tools.go:1612.94,1614.27 2 1
mobius/adapter_internal_tools.go:1614.27,1616.4 1 0
mobius/adapter_internal_tools.go:1617.3,1620.26 4 1
mobius/adapter_internal_tools.go:1620.26,1622.4 1 0
mobius/adapter_internal_tools.go:1624.3,1625.54 2 1
mobius/adapter_internal_tools.go:1625.54,1627.4 1 0
mobius/adapter_internal_tools.go:1628.3,1628.54 1 1
mobius/adapter_internal_tools.go:1628.54,1630.4 1 0
mobius/adapter_internal_tools.go:1632.3,1634.17 3 1
mobius/adapter_internal_tools.go:1634.17,1638.18 4 0
mobius/adapter_internal_tools.go:1638.18,1641.5 2 0
mobius/adapter_internal_tools.go:1644.3,1645.21 2 1
mobius/adapter_internal_tools.go:1645.21,1647.4 1 0
mobius/adapter_internal_tools.go:1648.3,1651.33 3 1
mobius/adapter_internal_tools.go:1654.2,1655.78 2 1
mobius/adapter_internal_tools.go:1655.78,1657.3 1 0
mobius/adapter_internal_tools.go:1659.2,1660.70 2 1
mobius/adapter_internal_tools.go:1660.70,1662.3 1 1
mobius/adapter_internal_tools.go:1664.2,1665.38 2 1
mobius/adapter_internal_tools.go:1665.38,1668.3 2 1
mobius/adapter_internal_tools.go:1669.2,1669.44 1 1
mobius/adapter_internal_tools.go:1669.44,1672.3 2 1
mobius/adapter_internal_tools.go:1673.2,1673.89 1 1
mobius/adapter_internal_tools.go:1673.89,1675.3 1 1
mobius/adapter_internal_tools.go:1677.2,1677.20 1 1
mobius/adapter_internal_tools.go:1680.155,1682.15 2 1
mobius/adapter_internal_tools.go:1682.15,1684.3 1 1
mobius/adapter_internal_tools.go:1685.2,1687.33 2 1
mobius/adapter_internal_tools.go:1687.33,1688.33 1 1
mobius/adapter_internal_tools.go:1688.33,1690.4 1 1
mobius/adapter_internal_tools.go:1691.3,1691.27 1 1
mobius/adapter_internal_tools.go:1694.2,1696.16 3 0
mobius/adapter_internal_tools.go:1696.16,1699.3 2 0
mobius/adapter_internal_tools.go:1701.2,1702.25 2 0
mobius/bq.go:27.71,29.53 2 0
mobius/bq.go:29.53,31.3 1 0
mobius/bq.go:33.2,34.21 2 0
mobius/bq.go:34.21,36.3 1 0
mobius/bq.go:37.2,38.16 2 0
mobius/bq.go:38.16,40.3 1 0
mobius/bq.go:42.2,43.17 2 0
mobius/bq.go:43.17,45.3 1 0
mobius/bq.go:46.2,47.22 2 0
mobius/bq.go:47.22,49.3 1 0
mobius/bq.go:51.2,52.28 2 0
mobius/bq.go:52.28,54.3 1 0
mobius/bq.go:55.2,56.22 2 0
mobius/bq.go:56.22,58.3 1 0
mobius/bq.go:59.2,60.27 2 0
mobius/bq.go:60.27,62.3 1 0
mobius/bq.go:63.2,64.24 2 0
mobius/bq.go:64.24,66.3 1 0
mobius/bq.go:68.2,75.46 2 0
mobius/bq.go:75.46,78.3 2 0
mobius/bq.go:79.2,79.44 1 0
mobius/bq.go:79.44,82.3 2 0
mobius/bq.go:83.2,83.49 1 0
mobius/bq.go:83.49,86.3 2 0
mobius/bq.go:88.2,89.16 2 0
mobius/bq.go:92.62,95.16 3 0
mobius/bq.go:95.16,97.3 1 0
mobius/bq.go:98.2,98.68 1 0
mobius/bq.go:98.68,100.3 1 0
mobius/bq.go:101.2,102.12 2 0
mobius/bq.go:105.60,108.16 3 0
mobius/bq.go:108.16,110.3 1 0
mobius/bq.go:112.2,132.51 3 0
mobius/bq.go:132.51,134.3 1 0
mobius/bq.go:135.2,136.12 2 0
mobius/bq.go:150.72,161.2 1 0
mobius/bq.go:163.84,166.29 3 0
mobius/bq.go:166.29,178.3 2 0
mobius/bq.go:179.2,179.48 1 0
mobius/bq.go:179.48,181.3 1 0
mobius/bq.go:182.2,182.12 1 0
mobius/bq.go:185.53,188.2 2 0
mobius/bq.go:190.35,192.2 1 0
mobius/bq.go:194.33,195.14 1 0
mobius/bq.go:195.14,197.3 1 0
mobius/bq.go:198.2,198.11 1 0
mobius/bq.go:203.65,206.16 3 0
mobius/bq.go:206.16,208.3 1 0
mobius/bq.go:210.2,241.51 3 0
mobius/bq.go:241.51,243.3 1 0
mobius/bq.go:244.2,245.12 2 0
mobius/bq.go:270.72,292.2 1 0
mobius/bq.go:294.91,296.48 2 0
mobius/bq.go:296.48,298.3 1 0
mobius/bq.go:299.2,299.12 1 0
mobius/bq.go:308.52,314.2 1 0
mobius/bq.go:316.50,317.9 1 0
mobius/bq.go:318.23,318.23 0 0
mobius/bq.go:319.10,320.54 1 0
mobius/bq.go:324.53,332.42 5 0
mobius/bq.go:332.42,333.22 1 0
mobius/bq.go:333.22,335.4 1 0
mobius/bq.go:336.3,338.79 3 0
mobius/bq.go:338.79,340.4 1 0
mobius/bq.go:340.9,342.4 1 0
mobius/bq.go:345.2,345.6 1 0
mobius/bq.go:345.6,346.10 1 0
mobius/bq.go:347.26,349.24 2 0
mobius/bq.go:349.24,351.5 1 0
mobius/bq.go:352.19,353.14 1 0
mobius/bq.go:354.21,355.8 1 0
mobius/bq.go:355.8,356.12 1 0
mobius/bq.go:357.28,358.32 1 0
mobius/bq.go:359.13,363.12 4 0
mobius/bq.go:370.33,372.2 1 0
mobius/chat.go:25.124,29.30 3 0
mobius/chat.go:29.30,31.3 1 0
mobius/chat.go:33.2,34.20 2 0
mobius/chat.go:34.20,36.3 1 0
mobius/chat.go:38.2,39.27 2 0
mobius/chat.go:39.27,41.3 1 0
mobius/chat.go:42.2,47.16 2 0
mobius/chat.go:47.16,49.3 1 0
mobius/chat.go:51.2,53.21 2 0
mobius/chat.go:53.21,59.17 3 0
mobius/chat.go:59.17,61.4 1 0
mobius/chat.go:62.8,64.3 1 0
mobius/chat.go:66.2,66.40 1 0
mobius/chat.go:69.85,71.45 2 0
mobius/chat.go:71.45,72.17 1 0
mobius/chat.go:72.17,74.9 2 0
mobius/chat.go:76.3,76.19 1 0
mobius/chat.go:76.19,77.12 1 0
mobius/chat.go:79.3,80.46 2 0
mobius/chat.go:80.46,82.4 1 0
mobius/chat.go:83.3,83.20 1 0
mobius/chat.go:85.2,85.15 1 0
mobius/chat.go:88.67,90.61 2 0
mobius/chat.go:90.61,93.3 2 0
mobius/chat.go:95.2,95.46 1 0
mobius/chat.go:95.46,98.3 2 0
mobius/chat.go:100.2,101.17 2 0
mobius/chat.go:101.17,104.3 2 0
mobius/chat.go:106.2,121.55 5 0
mobius/chat.go:121.55,123.3 1 0
mobius/chat.go:125.2,125.23 1 0
mobius/chat.go:125.23,126.112 1 0
mobius/chat.go:126.112,128.4 1 0
mobius/chat.go:129.3,129.73 1 0
mobius/chat.go:129.73,131.4 1 0
mobius/chat.go:134.2,136.19 3 0
mobius/chat.go:136.19,138.3 1 0
mobius/chat.go:140.2,144.44 4 0
mobius/chat.go:144.44,146.17 2 0
mobius/chat.go:146.17,150.25 3 0
mobius/chat.go:150.25,152.34 2 0
mobius/chat.go:152.34,154.21 2 0
mobius/chat.go:154.21,156.7 1 0
mobius/chat.go:160.4,162.35 2 0
mobius/chat.go:162.35,163.54 1 0
mobius/chat.go:163.54,165.11 2 0
mobius/chat.go:169.8,169.30 1 0
mobius/chat.go:169.30,171.3 1 0
mobius/chat.go:174.2,175.18 2 0
mobius/chat.go:175.18,178.59 2 0
mobius/chat.go:178.59,188.4 2 0
mobius/chat.go:190.3,196.52 2 0
mobius/chat.go:196.52,198.19 2 0
mobius/chat.go:198.19,200.23 2 0
mobius/chat.go:200.23,202.61 2 0
mobius/chat.go:202.61,204.7 1 0
mobius/chat.go:205.6,205.81 1 0
mobius/chat.go:210.3,210.24 1 0
mobius/chat.go:210.24,212.22 2 0
mobius/chat.go:212.22,214.29 2 0
mobius/chat.go:214.29,216.21 2 0
mobius/chat.go:216.21,218.7 1 0
mobius/chat.go:219.6,219.66 1 0
mobius/chat.go:221.5,221.91 1 0
mobius/chat.go:227.2,232.36 5 0
mobius/chat.go:232.36,236.3 1 0
mobius/chat.go:239.2,240.21 2 0
mobius/chat.go:240.21,243.3 2 0
mobius/chat.go:245.2,250.9 5 0
mobius/chat.go:250.9,253.3 2 0
mobius/chat.go:255.2,256.43 2 0
mobius/chat.go:256.43,258.3 1 0
mobius/chat.go:259.2,260.18 2 0
mobius/chat.go:260.18,263.3 2 0
mobius/chat.go:265.2,269.29 1 0
mobius/chat.go:269.29,273.4 3 0
mobius/chat.go:274.50,275.20 1 0
mobius/chat.go:275.20,277.5 1 0
mobius/chat.go:281.4,282.17 2 0
mobius/chat.go:282.17,283.74 1 0
mobius/chat.go:283.74,285.6 1 0
mobius/chat.go:287.4,287.37 1 0
mobius/chat.go:287.37,289.5 1 0
mobius/chat.go:290.4,290.63 1 0
mobius/chat.go:292.42,296.4 3 0
mobius/chat.go:297.35,298.30 1 0
mobius/chat.go:298.30,300.5 1 0
mobius/chat.go:301.4,319.6 1 0
mobius/chat.go:323.2,324.16 2 0
mobius/chat.go:324.16,329.3 4 0
mobius/chat.go:331.2,331.24 1 0
mobius/chat.go:331.24,340.24 3 0
mobius/chat.go:340.24,342.114 2 0
mobius/chat.go:342.114,344.5 1 0
mobius/chat.go:345.4,345.74 1 0
mobius/chat.go:345.74,347.5 1 0
mobius/chat.go:351.2,351.30 1 0
mobius/chat.go:351.30,353.3 1 0
mobius/chat.go:354.2,357.48 3 0
mobius/chat.go:357.48,359.3 1 0
mobius/chat.go:360.2,360.70 1 0
mobius/chat.go:360.70,362.3 1 0
mobius/chat.go:364.2,364.23 1 0
mobius/chat.go:364.23,366.3 1 0
mobius/chat.go:368.2,368.48 1 0
mobius/chat.go:368.48,370.19 2 0
mobius/chat.go:370.19,373.4 2 0
mobius/chat.go:374.3,375.31 2 0
mobius/chat.go:375.31,377.4 1 0
mobius/chat.go:378.3,385.7 2 0
mobius/chat.go:388.2,389.44 1 0
mobius/chat.go:389.44,392.3 1 0
mobius/chat.go:394.2,396.17 3 0
mobius/config.go:32.56,33.26 1 1
mobius/config.go:33.26,35.3 1 1
mobius/config.go:36.2,37.31 2 1
mobius/config.go:37.31,39.3 1 1
mobius/config.go:40.2,41.31 2 1
mobius/config.go:41.31,43.3 1 1
mobius/config.go:44.2,44.27 1 1
mobius/config.go:44.27,46.3 1 1
mobius/config.go:47.2,47.32 1 1
mobius/config.go:47.32,49.3 1 1
mobius/config.go:50.2,50.31 1 1
mobius/config.go:50.31,52.3 1 1
mobius/config.go:53.2,53.31 1 1
mobius/config.go:53.31,55.3 1 1
mobius/config.go:56.2,56.31 1 1
mobius/config.go:56.31,58.3 1 1
mobius/config.go:59.2,59.29 1 1
mobius/config.go:59.29,61.3 1 1
mobius/config.go:62.2,62.31 1 1
mobius/config.go:62.31,64.3 1 1
mobius/config.go:65.2,65.27 1 1
mobius/config.go:65.27,67.3 1 1
mobius/config.go:68.2,68.28 1 1
mobius/config.go:68.28,70.3 1 1
mobius/config.go:71.2,71.22 1 1
mobius/config.go:71.22,73.3 1 1
mobius/config.go:109.52,110.23 1 1
mobius/config.go:110.23,112.3 1 1
mobius/config.go:113.2,114.24 2 1
mobius/config.go:114.24,119.3 1 1
mobius/config.go:120.2,120.24 1 1
mobius/config.go:120.24,125.3 1 1
mobius/config.go:126.2,126.26 1 1
mobius/config.go:126.26,131.3 1 1
mobius/config.go:132.2,132.15 1 1
mobius/config.go:135.84,139.27 4 1
mobius/config.go:139.27,140.26 1 1
mobius/config.go:140.26,141.12 1 1
mobius/config.go:143.3,143.16 1 1
mobius/config.go:143.16,145.4 1 1
mobius/config.go:146.3,146.13 1 1
mobius/config.go:146.13,149.4 2 1
mobius/config.go:151.2,151.11 1 1
mobius/config.go:151.11,153.3 1 1
mobius/config.go:154.2,154.15 1 1
mobius/config.go:157.66,159.15 2 1
mobius/config.go:159.15,161.3 1 1
mobius/config.go:162.2,162.36 1 1
mobius/config.go:173.40,174.24 1 1
mobius/config.go:174.24,176.3 1 1
mobius/config.go:177.2,177.23 1 1
mobius/config.go:177.23,179.3 1 1
mobius/config.go:180.2,180.28 1 1
mobius/config.go:180.28,182.3 1 1
mobius/config.go:183.2,183.27 1 1
mobius/config.go:183.27,185.3 1 1
mobius/config.go:186.2,186.26 1 1
mobius/config.go:186.26,188.3 1 1
mobius/config.go:269.41,271.13 2 1
mobius/config.go:271.13,273.3 1 1
mobius/config.go:274.2,274.24 1 1
mobius/config.go:277.45,281.13 4 1
mobius/config.go:281.13,283.3 1 1
mobius/config.go:285.2,286.9 2 1
mobius/config.go:287.26,288.26 1 1
mobius/config.go:289.68,290.38 1 1
mobius/config.go:293.2,300.3 1 1
mobius/config.go:303.48,311.2 7 1
mobius/config.go:313.47,315.16 2 0
mobius/config.go:315.16,317.3 1 0
mobius/config.go:318.2,321.56 3 0
mobius/config.go:321.56,323.3 1 0
mobius/config.go:324.2,328.18 5 0
mobius/config.go:331.49,336.16 4 0
mobius/config.go:336.16,338.3 1 0
mobius/config.go:339.2,339.39 1 0
mobius/conversations.go:55.48,57.2 1 1
mobius/conversations.go:59.26,66.2 5 1
mobius/conversations.go:68.69,71.27 3 0
mobius/conversations.go:71.27,73.3 1 0
mobius/conversations.go:76.51,80.28 4 0
mobius/conversations.go:80.28,82.3 1 0
mobius/conversations.go:83.2,83.12 1 0
mobius/conversations.go:86.52,100.2 6 1
mobius/conversations.go:102.58,106.2 3 1
mobius/conversations.go:108.64,111.52 3 1
mobius/conversations.go:111.52,113.3 1 1
mobius/conversations.go:116.58,121.28 4 1
mobius/conversations.go:121.28,128.3 1 1
mobius/conversations.go:129.2,129.38 1 1
mobius/conversations.go:129.38,131.3 1 1
mobius/conversations.go:132.2,132.12 1 1
mobius/conversations.go:135.64,140.9 4 1
mobius/conversations.go:140.9,142.3 1 0
mobius/conversations.go:143.2,143.18 1 1
mobius/conversations.go:143.18,145.3 1 0
mobius/conversations.go:146.2,149.49 3 1
mobius/conversations.go:149.49,151.22 2 1
mobius/conversations.go:151.22,153.4 1 0
mobius/conversations.go:154.3,154.18 1 1
mobius/conversations.go:158.71,163.9 4 1
mobius/conversations.go:163.9,165.3 1 0
mobius/conversations.go:166.2,166.19 1 1
mobius/conversations.go:166.19,168.3 1 0
mobius/conversations.go:169.2,169.33 1 1
mobius/conversations.go:169.33,172.3 2 1
mobius/conversations.go:173.2,173.13 1 1
mobius/conversations.go:176.59,181.9 4 1
mobius/conversations.go:181.9,183.3 1 0
mobius/conversations.go:184.2,186.13 3 1
mobius/conversations.go:189.52,193.31 3 1
mobius/conversations.go:193.31,195.3 1 1
mobius/conversations.go:196.2,197.13 2 1
mobius/conversations.go:202.80,203.20 1 0
mobius/conversations.go:203.20,205.3 1 0
mobius/conversations.go:206.2,206.69 1 0
mobius/conversations.go:209.80,213.16 4 0
mobius/conversations.go:213.16,215.3 1 0
mobius/conversations.go:216.2,216.39 1 0
mobius/conversations.go:221.91,227.16 2 0
mobius/conversations.go:227.16,229.3 1 0
mobius/conversations.go:230.2,230.12 1 0
mobius/conversations.go:233.82,236.2 2 0
mobius/conversations.go:238.113,241.21 3 0
mobius/conversations.go:241.21,244.3 2 0
mobius/conversations.go:245.2,248.16 3 0
mobius/conversations.go:248.16,250.3 1 0
mobius/conversations.go:251.2,254.18 3 0
mobius/conversations.go:254.18,256.80 2 0
mobius/conversations.go:256.80,258.4 1 0
mobius/conversations.go:259.3,259.23 1 0
mobius/conversations.go:261.2,261.16 1 0
mobius/conversations.go:261.16,263.3 1 0
mobius/conversations.go:264.2,264.17 1 0
mobius/conversations.go:269.80,271.2 1 0
mobius/conversations.go:273.78,276.14 3 0
mobius/conversations.go:276.14,279.3 2 0
mobius/conversations.go:280.2,280.17 1 0
mobius/conversations.go:283.81,287.23 3 0
mobius/conversations.go:287.23,288.70 1 0
mobius/conversations.go:288.70,290.4 1 0
mobius/conversations.go:292.2,292.23 1 0
mobius/conversations.go:292.23,293.75 1 0
mobius/conversations.go:293.75,295.4 1 0
mobius/conversations.go:297.2,297.59 1 0
mobius/conversations.go:297.59,299.3 1 0
mobius/conversations.go:301.2,301.17 1 0
mobius/conversations.go:304.81,309.82 3 0
mobius/conversations.go:309.82,312.3 2 0
mobius/conversations.go:313.2,313.45 1 0
mobius/conversations.go:313.45,316.3 2 0
mobius/conversations.go:318.2,318.23 1 0
mobius/conversations.go:318.23,319.89 1 0
mobius/conversations.go:319.89,321.4 1 0
mobius/conversations.go:324.2,324.49 1 0
mobius/conversations.go:327.83,332.62 3 0
mobius/conversations.go:332.62,335.3 2 0
mobius/conversations.go:336.2,336.53 1 0
mobius/conversations.go:336.53,339.3 2 0
mobius/conversations.go:341.2,343.23 2 0
mobius/conversations.go:343.23,344.90 1 0
mobius/conversations.go:344.90,346.4 1 0
mobius/conversations.go:347.3,347.70 1 0
mobius/conversations.go:347.70,349.4 1 0
mobius/conversations.go:352.2,353.17 2 0
mobius/conversations.go:356.81,360.17 3 0
mobius/conversations.go:360.17,363.3 2 0
mobius/conversations.go:365.2,366.36 2 0
mobius/conversations.go:366.36,368.3 1 0
mobius/conversations.go:370.2,370.33 1 0
mobius/conversations.go:370.33,373.3 2 0
mobius/conversations.go:375.2,375.23 1 0
mobius/conversations.go:375.23,376.72 1 0
mobius/conversations.go:376.72,378.4 1 0
mobius/conversations.go:381.2,381.23 1 0
mobius/conversations.go:381.23,382.76 1 0
mobius/conversations.go:382.76,384.4 1 0
mobius/conversations.go:387.2,388.67 2 0
mobius/conversations.go:388.67,390.3 1 0
mobius/conversations.go:392.2,392.26 1 0
mobius/conversations.go:392.26,393.43 1 0
mobius/conversations.go:393.43,394.68 1 0
mobius/conversations.go:394.68,396.5 1 0
mobius/conversations.go:400.2,401.49 2 0
mobius/delegation.go:17.54,18.47 1 0
mobius/delegation.go:18.47,19.54 1 0
mobius/delegation.go:19.54,22.4 2 0
mobius/delegation.go:24.2,24.12 1 0
mobius/delegation.go:32.18,33.19 1 0
mobius/delegation.go:34.23,35.67 1 0
mobius/delegation.go:36.23,37.51 1 0
mobius/delegation.go:38.28,39.44 1 0
mobius/delegation.go:40.21,41.49 1 0
mobius/delegation.go:42.19,43.36 1 0
mobius/delegation.go:44.22,45.66 1 0
mobius/delegation.go:46.23,47.44 1 0
mobius/delegation.go:48.24,49.68 1 0
mobius/delegation.go:50.20,51.45 1 0
mobius/delegation.go:52.23,53.37 1 0
mobius/delegation.go:54.24,55.38 1 0
mobius/delegation.go:56.22,57.47 1 0
mobius/delegation.go:58.28,59.59 1 0
mobius/delegation.go:60.18,61.43 1 0
mobius/delegation.go:62.21,63.46 1 0
mobius/delegation.go:64.26,65.57 1 0
mobius/delegation.go:66.24,67.49 1 0
mobius/delegation.go:68.25,69.50 1 0
mobius/delegation.go:70.21,71.46 1 0
mobius/delegation.go:72.22,73.47 1 0
mobius/delegation.go:74.24,75.49 1 0
mobius/delegation.go:76.22,77.47 1 0
mobius/delegation.go:78.23,79.48 1 0
mobius/delegation.go:80.23,81.48 1 0
mobius/delegation.go:82.23,83.48 1 0
mobius/delegation.go:84.28,85.48 1 0
mobius/delegation.go:86.27,87.47 1 0
mobius/delegation.go:88.31,89.51 1 0
mobius/delegation.go:90.29,91.49 1 0
mobius/delegation.go:92.38,93.64 1 0
mobius/delegation.go:94.35,95.42 1 0
mobius/delegation.go:96.36,97.42 1 0
mobius/delegation.go:98.29,99.115 1 0
mobius/delegation.go:100.24,101.149 1 0
mobius/delegation.go:102.24,103.111 1 0
mobius/delegation.go:104.29,105.140 1 0
mobius/delegation.go:106.31,108.63 2 0
mobius/delegation.go:108.63,110.4 1 0
mobius/delegation.go:111.3,111.150 1 0
mobius/delegation.go:112.19,113.86 1 0
mobius/delegation.go:114.25,115.59 1 0
mobius/delegation.go:116.20,117.55 1 0
mobius/delegation.go:118.26,119.104 1 0
mobius/delegation.go:120.26,121.82 1 0
mobius/delegation.go:122.10,123.63 1 0
mobius/delegation.go:127.100,129.42 2 0
mobius/delegation.go:129.42,131.3 1 0
mobius/delegation.go:132.2,134.33 3 0
mobius/delegation.go:134.33,136.3 1 0
mobius/delegation.go:137.2,138.16 2 0
mobius/delegation.go:138.16,140.3 1 0
mobius/delegation.go:141.2,142.16 2 0
mobius/delegation.go:142.16,144.3 1 0
mobius/delegation.go:145.2,146.70 2 0
mobius/delegation.go:146.70,148.3 1 0
mobius/delegation.go:150.2,150.23 1 0
mobius/delegation.go:150.23,156.28 6 0
mobius/delegation.go:156.28,159.4 2 0
mobius/delegation.go:160.3,168.43 2 0
mobius/delegation.go:170.2,170.81 1 0
mobius/delegation.go:173.99,175.42 2 0
mobius/delegation.go:175.42,177.3 1 0
mobius/delegation.go:178.2,179.16 2 0
mobius/delegation.go:179.16,181.3 1 0
mobius/delegation.go:182.2,183.16 2 0
mobius/delegation.go:183.16,185.3 1 0
mobius/delegation.go:186.2,187.16 2 0
mobius/delegation.go:187.16,189.3 1 0
mobius/delegation.go:190.2,191.16 2 0
mobius/delegation.go:191.16,193.3 1 0
mobius/delegation.go:194.2,194.82 1 0
mobius/delegation.go:197.103,199.42 2 0
mobius/delegation.go:199.42,201.3 1 0
mobius/delegation.go:202.2,205.16 4 0
mobius/delegation.go:205.16,207.3 1 0
mobius/delegation.go:208.2,209.27 2 0
mobius/delegation.go:209.27,211.3 1 0
mobius/delegation.go:212.2,212.20 1 0
mobius/delegation.go:212.20,214.3 1 0
mobius/delegation.go:215.2,215.66 1 0
mobius/delegation.go:218.101,220.42 2 0
mobius/delegation.go:220.42,222.3 1 0
mobius/delegation.go:223.2,224.16 2 0
mobius/delegation.go:224.16,226.3 1 0
mobius/delegation.go:227.2,228.27 2 0
mobius/delegation.go:228.27,230.3 1 0
mobius/delegation.go:231.2,231.20 1 0
mobius/delegation.go:231.20,233.3 1 0
mobius/delegation.go:234.2,234.66 1 0
mobius/delegation.go:237.137,238.23 1 1
mobius/delegation.go:238.23,240.3 1 1
mobius/delegation.go:241.2,242.16 2 1
mobius/delegation.go:242.16,244.3 1 1
mobius/delegation.go:245.2,249.26 2 0
mobius/delegation.go:249.26,250.113 1 0
mobius/delegation.go:250.113,251.82 1 0
mobius/delegation.go:251.82,259.5 2 0
mobius/delegation.go:263.2,268.16 2 0
mobius/delegation.go:268.16,270.3 1 0
mobius/delegation.go:272.2,272.26 1 0
mobius/delegation.go:272.26,274.24 2 0
mobius/delegation.go:274.24,276.19 2 0
mobius/delegation.go:276.19,278.5 1 0
mobius/delegation.go:282.2,288.3 2 0
mobius/delegation.go:291.97,292.23 1 1
mobius/delegation.go:292.23,294.3 1 1
mobius/delegation.go:295.2,300.16 5 0
mobius/delegation.go:300.16,302.3 1 0
mobius/delegation.go:303.2,304.26 2 0
mobius/delegation.go:304.26,308.24 2 0
mobius/delegation.go:308.24,311.4 2 0
mobius/delegation.go:312.3,312.26 1 0
mobius/delegation.go:312.26,314.4 1 0
mobius/delegation.go:315.3,315.35 1 0
mobius/delegation.go:317.2,317.20 1 0
mobius/delegation.go:317.20,319.3 1 0
mobius/delegation.go:320.2,320.64 1 0
mobius/delegation.go:323.79,324.23 1 1
mobius/delegation.go:324.23,326.3 1 1
mobius/delegation.go:327.2,328.16 2 0
mobius/delegation.go:328.16,330.3 1 0
mobius/delegation.go:331.2,332.29 2 0
mobius/delegation.go:332.29,337.21 2 0
mobius/delegation.go:337.21,339.4 1 0
mobius/delegation.go:340.3,340.35 1 0
mobius/delegation.go:342.2,342.20 1 0
mobius/delegation.go:342.20,344.3 1 0
mobius/delegation.go:345.2,345.67 1 0
mobius/delegation.go:348.80,349.23 1 1
mobius/delegation.go:349.23,351.3 1 1
mobius/delegation.go:352.2,353.16 2 0
mobius/delegation.go:353.16,355.3 1 0
mobius/delegation.go:356.2,357.30 2 0
mobius/delegation.go:357.30,361.25 2 0
mobius/delegation.go:361.25,363.4 1 0
mobius/delegation.go:364.3,364.35 1 0
mobius/delegation.go:366.2,366.20 1 0
mobius/delegation.go:366.20,368.3 1 0
mobius/delegation.go:369.2,369.68 1 0
mobius/delegation.go:372.99,373.23 1 1
mobius/delegation.go:373.23,375.3 1 0
mobius/delegation.go:376.2,377.14 2 1
mobius/delegation.go:377.14,379.3 1 1
mobius/delegation.go:380.2,381.16 2 0
mobius/delegation.go:381.16,383.3 1 0
mobius/delegation.go:384.2,385.32 2 0
mobius/delegation.go:385.32,387.3 1 0
mobius/delegation.go:388.2,388.20 1 0
mobius/delegation.go:388.20,390.3 1 0
mobius/delegation.go:391.2,395.26 2 0
mobius/delegation.go:395.26,397.3 1 0
mobius/delegation.go:398.2,398.15 1 0
mobius/delegation.go:401.121,402.23 1 1
mobius/delegation.go:402.23,404.3 1 0
mobius/delegation.go:405.2,408.34 4 1
mobius/delegation.go:408.34,410.3 1 1
mobius/delegation.go:411.2,411.83 1 0
mobius/delegation.go:411.83,413.3 1 0
mobius/delegation.go:414.2,414.41 1 0
mobius/delegation.go:414.41,416.3 1 0
mobius/delegation.go:417.2,417.85 1 0
mobius/delegation.go:420.95,421.23 1 1
mobius/delegation.go:421.23,423.3 1 0
mobius/delegation.go:424.2,425.18 2 1
mobius/delegation.go:425.18,427.3 1 1
mobius/delegation.go:428.2,429.16 2 0
mobius/delegation.go:429.16,431.3 1 0
mobius/delegation.go:432.2,436.23 2 0
mobius/delegation.go:436.23,438.3 1 0
mobius/delegation.go:439.2,439.22 1 0
mobius/delegation.go:439.22,441.3 1 0
mobius/delegation.go:442.2,442.25 1 0
mobius/delegation.go:442.25,444.3 1 0
mobius/delegation.go:445.2,447.29 3 0
mobius/delegation.go:447.29,449.22 2 0
mobius/delegation.go:449.22,451.4 1 0
mobius/delegation.go:452.3,452.105 1 0
mobius/delegation.go:454.2,454.17 1 0
mobius/delegation.go:454.17,456.3 1 0
mobius/delegation.go:457.2,457.15 1 0
mobius/delegation.go:460.98,461.23 1 1
mobius/delegation.go:461.23,463.3 1 0
mobius/delegation.go:464.2,465.18 2 1
mobius/delegation.go:465.18,467.3 1 1
mobius/delegation.go:468.2,469.52 2 0
mobius/delegation.go:469.52,471.3 1 0
mobius/delegation.go:472.2,472.51 1 0
mobius/delegation.go:472.51,474.3 1 0
mobius/delegation.go:475.2,475.55 1 0
mobius/delegation.go:475.55,477.3 1 0
mobius/delegation.go:478.2,478.58 1 0
mobius/delegation.go:478.58,480.3 1 0
mobius/delegation.go:481.2,481.99 1 0
mobius/delegation.go:481.99,483.3 1 0
mobius/delegation.go:484.2,484.63 1 0
mobius/delegation.go:487.119,488.23 1 1
mobius/delegation.go:488.23,490.3 1 0
mobius/delegation.go:491.2,493.35 3 1
mobius/delegation.go:493.35,495.3 1 1
mobius/delegation.go:496.2,497.16 2 0
mobius/delegation.go:497.16,499.3 1 0
mobius/delegation.go:500.2,500.68 1 0
mobius/delegation.go:503.101,504.23 1 1
mobius/delegation.go:504.23,506.3 1 0
mobius/delegation.go:507.2,508.21 2 1
mobius/delegation.go:508.21,510.3 1 1
mobius/delegation.go:511.2,512.58 2 0
mobius/delegation.go:512.58,514.3 1 0
mobius/delegation.go:515.2,515.53 1 0
mobius/delegation.go:515.53,517.3 1 0
mobius/delegation.go:518.2,518.91 1 0
mobius/delegation.go:518.91,520.3 1 0
mobius/delegation.go:521.2,521.69 1 0
mobius/delegation.go:524.102,525.23 1 1
mobius/delegation.go:525.23,527.3 1 0
mobius/delegation.go:528.2,529.17 2 1
mobius/delegation.go:529.17,531.3 1 1
mobius/delegation.go:532.2,533.16 2 0
mobius/delegation.go:533.16,535.3 1 0
mobius/delegation.go:536.2,536.52 1 0
mobius/delegation.go:536.52,538.3 1 0
mobius/delegation.go:539.2,539.56 1 0
mobius/delegation.go:539.56,541.3 1 0
mobius/delegation.go:542.2,542.31 1 0
mobius/delegation.go:542.31,543.36 1 0
mobius/delegation.go:543.36,545.31 2 0
mobius/delegation.go:545.31,546.32 1 0
mobius/delegation.go:546.32,548.6 1 0
mobius/delegation.go:550.4,550.19 1 0
mobius/delegation.go:553.2,553.67 1 0
mobius/delegation.go:553.67,555.3 1 0
mobius/delegation.go:556.2,556.84 1 0
mobius/delegation.go:559.98,560.23 1 1
mobius/delegation.go:560.23,562.3 1 1
mobius/delegation.go:563.2,565.16 3 0
mobius/delegation.go:565.16,567.3 1 0
mobius/delegation.go:568.2,569.27 2 0
mobius/delegation.go:569.27,573.3 1 0
mobius/delegation.go:574.2,574.20 1 0
mobius/delegation.go:574.20,576.3 1 0
mobius/delegation.go:577.2,577.65 1 0
mobius/delegation.go:580.99,581.23 1 1
mobius/delegation.go:581.23,583.3 1 0
mobius/delegation.go:584.2,586.34 3 1
mobius/delegation.go:586.34,588.3 1 1
mobius/delegation.go:589.2,589.68 1 0
mobius/delegation.go:589.68,591.3 1 0
mobius/delegation.go:592.2,592.88 1 0
mobius/delegation.go:595.101,596.23 1 0
mobius/delegation.go:596.23,598.3 1 0
mobius/delegation.go:599.2,601.34 3 0
mobius/delegation.go:601.34,603.3 1 0
mobius/delegation.go:604.2,604.70 1 0
mobius/delegation.go:604.70,606.3 1 0
mobius/delegation.go:607.2,607.90 1 0
mobius/delegation.go:610.99,611.23 1 0
mobius/delegation.go:611.23,613.3 1 0
mobius/delegation.go:614.2,616.16 3 0
mobius/delegation.go:616.16,618.3 1 0
mobius/delegation.go:619.2,620.28 2 0
mobius/delegation.go:620.28,624.3 1 0
mobius/delegation.go:625.2,625.20 1 0
mobius/delegation.go:625.20,627.3 1 0
mobius/delegation.go:628.2,628.66 1 0
mobius/delegation.go:631.100,632.23 1 1
mobius/delegation.go:632.23,634.3 1 1
mobius/delegation.go:635.2,637.34 3 1
mobius/delegation.go:637.34,639.3 1 1
mobius/delegation.go:640.2,641.39 2 0
mobius/delegation.go:641.39,642.23 1 0
mobius/delegation.go:642.23,643.31 1 0
mobius/delegation.go:643.31,645.5 1 0
mobius/delegation.go:648.2,648.17 1 0
mobius/delegation.go:648.17,650.3 1 0
mobius/delegation.go:651.2,656.55 3 0
mobius/delegation.go:656.55,658.3 1 0
mobius/delegation.go:659.2,659.81 1 0
mobius/delegation.go:662.100,663.23 1 0
mobius/delegation.go:663.23,665.3 1 0
mobius/delegation.go:666.2,667.20 2 0
mobius/delegation.go:667.20,669.3 1 0
mobius/delegation.go:670.2,671.16 2 0
mobius/delegation.go:671.16,673.3 1 0
mobius/delegation.go:674.2,674.52 1 0
mobius/delegation.go:674.52,676.3 1 0
mobius/delegation.go:677.2,677.54 1 0
mobius/delegation.go:677.54,679.3 1 0
mobius/delegation.go:680.2,680.39 1 0
mobius/delegation.go:680.39,682.23 2 0
mobius/delegation.go:682.23,683.31 1 0
mobius/delegation.go:683.31,685.5 1 0
mobius/delegation.go:687.3,687.16 1 0
mobius/delegation.go:689.2,690.55 2 0
mobius/delegation.go:690.55,692.3 1 0
mobius/delegation.go:693.2,693.63 1 0
mobius/delegation.go:696.100,697.23 1 1
mobius/delegation.go:697.23,699.3 1 0
mobius/delegation.go:700.2,701.20 2 1
mobius/delegation.go:701.20,703.3 1 1
mobius/delegation.go:704.2,704.63 1 0
mobius/delegation.go:704.63,706.3 1 0
mobius/delegation.go:707.2,707.67 1 0
mobius/delegation.go:710.127,711.23 1 0
mobius/delegation.go:711.23,713.3 1 0
mobius/delegation.go:714.2,715.16 2 0
mobius/delegation.go:715.16,717.3 1 0
mobius/delegation.go:718.2,718.89 1 0
mobius/delegation.go:718.89,720.3 1 0
mobius/delegation.go:721.2,721.68 1 0
mobius/delegation.go:724.96,725.23 1 0
mobius/delegation.go:725.23,727.3 1 0
mobius/delegation.go:728.2,729.20 2 0
mobius/delegation.go:729.20,731.3 1 0
mobius/delegation.go:732.2,732.71 1 0
mobius/delegation.go:732.71,734.3 1 0
mobius/delegation.go:735.2,735.69 1 0
mobius/delegation.go:738.138,739.23 1 0
mobius/delegation.go:739.23,741.3 1 0
mobius/delegation.go:743.2,749.51 6 0
mobius/delegation.go:749.51,751.3 1 0
mobius/delegation.go:753.2,754.16 2 0
mobius/delegation.go:754.16,756.3 1 0
mobius/delegation.go:758.2,758.37 1 0
mobius/delegation.go:758.37,760.3 1 0
mobius/delegation.go:762.2,763.23 2 0
mobius/delegation.go:763.23,765.3 1 0
mobius/delegation.go:767.2,767.20 1 0
mobius/delegation.go:767.20,769.3 1 0
mobius/delegation.go:771.2,781.62 2 0
mobius/delegation.go:781.62,783.3 1 0
mobius/delegation.go:785.2,785.59 1 0
mobius/delegation.go:785.59,787.3 1 0
mobius/delegation.go:789.2,789.26 1 0
mobius/delegation.go:789.26,790.85 1 0
mobius/delegation.go:790.85,792.4 1 0
mobius/delegation.go:795.2,804.3 2 0
mobius/delegation.go:807.115,808.23 1 0
mobius/delegation.go:808.23,810.3 1 0
mobius/delegation.go:812.2,812.63 1 0
mobius/delegation.go:812.63,814.3 1 0
mobius/delegation.go:816.2,821.50 5 0
mobius/delegation.go:821.50,823.3 1 0
mobius/delegation.go:825.2,826.16 2 0
mobius/delegation.go:826.16,828.3 1 0
mobius/delegation.go:829.2,829.57 1 0
mobius/delegation.go:829.57,831.3 1 0
mobius/delegation.go:833.2,844.22 2 0
mobius/delegation.go:844.22,846.3 1 0
mobius/delegation.go:848.2,848.60 1 0
mobius/delegation.go:848.60,850.3 1 0
mobius/delegation.go:852.2,859.3 2 0
mobius/delegation.go:862.96,863.23 1 0
mobius/delegation.go:863.23,865.3 1 0
mobius/delegation.go:867.2,870.34 3 0
mobius/delegation.go:870.34,872.3 1 0
mobius/delegation.go:874.2,874.88 1 0
mobius/delegation.go:874.88,876.3 1 0
mobius/delegation.go:878.2,878.85 1 0
mobius/delegation.go:878.85,880.3 1 0
mobius/delegation.go:882.2,883.76 2 0
mobius/delegation.go:886.114,887.23 1 0
mobius/delegation.go:887.23,889.3 1 0
mobius/delegation.go:891.2,895.34 4 0
mobius/delegation.go:895.34,897.3 1 0
mobius/delegation.go:899.2,899.16 1 0
mobius/delegation.go:900.17,901.87 1 0
mobius/delegation.go:901.87,903.4 1 0
mobius/delegation.go:904.3,905.65 2 0
mobius/delegation.go:907.16,908.21 1 0
mobius/delegation.go:908.21,910.4 1 0
mobius/delegation.go:911.3,911.88 1 0
mobius/delegation.go:911.88,913.4 1 0
mobius/delegation.go:914.3,914.103 1 0
mobius/delegation.go:914.103,916.4 1 0
mobius/delegation.go:917.3,918.87 2 0
mobius/delegation.go:920.10,921.69 1 0
mobius/delegation.go:925.88,926.23 1 0
mobius/delegation.go:926.23,928.3 1 0
mobius/delegation.go:930.2,931.16 2 0
mobius/delegation.go:931.16,933.3 1 0
mobius/delegation.go:935.2,936.32 2 0
mobius/delegation.go:936.32,940.3 1 0
mobius/delegation.go:941.2,941.20 1 0
mobius/delegation.go:941.20,943.3 1 0
mobius/delegation.go:945.2,945.63 1 0
mobius/delegation.go:950.75,951.23 1 0
mobius/delegation.go:951.23,954.3 2 0
mobius/delegation.go:956.2,965.62 2 0
mobius/delegation.go:965.62,968.3 2 0
mobius/delegation.go:970.2,970.51 1 0
mobius/delegation.go:970.51,973.3 2 0
mobius/delegation.go:975.2,976.16 2 0
mobius/delegation.go:976.16,979.3 2 0
mobius/delegation.go:981.2,981.63 1 0
mobius/delegation.go:981.63,984.3 2 0
mobius/delegation.go:986.2,986.64 1 0
mobius/delegation.go:986.64,989.3 2 0
mobius/delegation.go:991.2,992.16 2 0
mobius/delegation.go:992.16,994.3 1 0
mobius/delegation.go:996.2,1006.23 2 0
mobius/delegation.go:1006.23,1008.3 1 0
mobius/delegation.go:1009.2,1009.27 1 0
mobius/delegation.go:1009.27,1011.3 1 0
mobius/delegation.go:1013.2,1013.68 1 0
mobius/delegation.go:1013.68,1016.3 2 0
mobius/delegation.go:1018.2,1019.16 2 0
mobius/delegation.go:1019.16,1021.3 1 0
mobius/delegation.go:1023.2,1025.20 3 0
mobius/delegation.go:1028.75,1029.23 1 0
mobius/delegation.go:1029.23,1032.3 2 0
mobius/delegation.go:1034.2,1045.62 2 0
mobius/delegation.go:1045.62,1048.3 2 0
mobius/delegation.go:1050.2,1050.90 1 0
mobius/delegation.go:1050.90,1053.3 2 0
mobius/delegation.go:1055.2,1056.16 2 0
mobius/delegation.go:1056.16,1059.3 2 0
mobius/delegation.go:1060.2,1061.16 2 0
mobius/delegation.go:1061.16,1064.3 2 0
mobius/delegation.go:1066.2,1066.37 1 0
mobius/delegation.go:1066.37,1069.3 2 0
mobius/delegation.go:1071.2,1072.24 2 0
mobius/delegation.go:1072.24,1074.3 1 0
mobius/delegation.go:1076.2,1077.20 2 0
mobius/delegation.go:1077.20,1079.3 1 0
mobius/delegation.go:1081.2,1088.26 2 0
mobius/delegation.go:1088.26,1090.3 1 0
mobius/delegation.go:1092.2,1093.17 2 0
mobius/delegation.go:1093.17,1095.3 1 0
mobius/delegation.go:1097.2,1097.68 1 0
mobius/delegation.go:1097.68,1100.3 2 0
mobius/delegation.go:1102.2,1102.31 1 0
mobius/delegation.go:1102.31,1103.98 1 0
mobius/delegation.go:1103.98,1105.4 1 0
mobius/delegation.go:1108.2,1109.16 2 0
mobius/delegation.go:1109.16,1111.3 1 0
mobius/delegation.go:1113.2,1115.20 3 0
mobius/dispatcher.go:28.170,29.25 1 0
mobius/dispatcher.go:29.25,31.3 1 0
mobius/dispatcher.go:32.2,42.3 1 0
mobius/dispatcher.go:45.53,49.65 1 0
mobius/dispatcher.go:49.65,51.3 1 0
mobius/dispatcher.go:51.8,51.18 1 0
mobius/dispatcher.go:51.18,53.3 1 0
mobius/dispatcher.go:55.2,67.6 11 0
mobius/dispatcher.go:67.6,68.10 1 0
mobius/dispatcher.go:69.27,71.27 2 0
mobius/dispatcher.go:72.26,73.28 1 0
mobius/dispatcher.go:74.27,75.30 1 0
mobius/dispatcher.go:76.28,77.25 1 0
mobius/dispatcher.go:78.21,82.10 4 0
mobius/dispatcher.go:87.58,91.6 3 0
mobius/dispatcher.go:91.6,92.23 1 0
mobius/dispatcher.go:92.23,94.4 1 0
mobius/dispatcher.go:95.3,97.23 3 0
mobius/dispatcher.go:97.23,99.4 1 0
mobius/dispatcher.go:103.3,103.48 1 0
mobius/dispatcher.go:103.48,105.4 1 0
mobius/dispatcher.go:106.3,107.10 2 0
mobius/dispatcher.go:108.30,108.30 0 0
mobius/dispatcher.go:109.21,110.10 1 0
mobius/dispatcher.go:112.3,112.39 1 0
mobius/dispatcher.go:116.67,118.16 2 0
mobius/dispatcher.go:118.16,120.3 1 0
mobius/dispatcher.go:121.2,123.68 2 0
mobius/dispatcher.go:123.68,125.3 1 0
mobius/dispatcher.go:127.2,129.6 2 0
mobius/dispatcher.go:129.6,131.17 2 0
mobius/dispatcher.go:131.17,133.4 1 0
mobius/dispatcher.go:135.3,139.79 2 0
mobius/dispatcher.go:139.79,142.12 2 0
mobius/dispatcher.go:145.3,145.40 1 0
mobius/dispatcher.go:149.79,150.15 1 0
mobius/dispatcher.go:150.15,151.31 1 0
mobius/dispatcher.go:151.31,154.4 1 0
mobius/dispatcher.go:159.2,159.22 1 0
mobius/dispatcher.go:159.22,161.3 1 0
mobius/dispatcher.go:163.2,168.16 4 0
mobius/dispatcher.go:168.16,170.3 1 0
mobius/dispatcher.go:172.2,172.17 1 0
mobius/dispatcher.go:173.20,178.63 2 0
mobius/dispatcher.go:178.63,180.4 1 0
mobius/dispatcher.go:181.30,186.63 2 0
mobius/dispatcher.go:186.63,188.4 1 0
mobius/dispatcher.go:192.81,194.16 2 0
mobius/dispatcher.go:194.16,196.3 1 0
mobius/dispatcher.go:197.2,205.16 4 0
mobius/dispatcher.go:205.16,207.3 1 0
mobius/dispatcher.go:209.2,211.16 2 0
mobius/dispatcher.go:211.16,213.3 1 0
mobius/dispatcher.go:214.2,214.39 1 0
mobius/dispatcher.go:214.39,216.3 1 0
mobius/dispatcher.go:218.2,219.16 2 0
mobius/dispatcher.go:219.16,221.3 1 0
mobius/dispatcher.go:222.2,222.23 1 0
mobius/dispatcher.go:222.23,223.54 1 0
mobius/dispatcher.go:223.54,225.4 1 0
mobius/dispatcher.go:228.2,228.9 1 0
mobius/dispatcher.go:229.27,231.13 2 0
mobius/dispatcher.go:231.13,232.17 1 0
mobius/dispatcher.go:232.17,233.33 1 0
mobius/dispatcher.go:233.33,237.6 2 0
mobius/dispatcher.go:238.5,239.16 2 0
mobius/dispatcher.go:241.4,241.31 1 0
mobius/dispatcher.go:243.20,243.20 0 0
mobius/dispatcher.go:247.62,251.16 3 0
mobius/dispatcher.go:251.16,254.3 2 0
mobius/dispatcher.go:255.2,255.31 1 0
mobius/dispatcher.go:255.31,257.3 1 0
mobius/dispatcher.go:260.64,262.16 2 0
mobius/dispatcher.go:262.16,265.3 2 0
mobius/dispatcher.go:267.2,267.29 1 0
mobius/dispatcher.go:267.29,268.10 1 0
mobius/dispatcher.go:269.28,271.20 2 0
mobius/dispatcher.go:271.20,272.18 1 0
mobius/dispatcher.go:272.18,273.34 1 0
mobius/dispatcher.go:273.34,277.7 2 0
mobius/dispatcher.go:278.6,279.17 2 0
mobius/dispatcher.go:281.5,281.31 1 0
mobius/dispatcher.go:283.21,284.10 1 0
mobius/dispatcher.go:289.79,291.16 2 0
mobius/dispatcher.go:291.16,293.3 1 0
mobius/dispatcher.go:294.2,304.16 3 0
mobius/dispatcher.go:304.16,306.3 1 0
mobius/dispatcher.go:307.2,310.18 3 0
mobius/dispatcher.go:310.18,312.40 2 0
mobius/dispatcher.go:312.40,314.4 1 0
mobius/dispatcher.go:316.2,318.23 2 0
mobius/dispatcher.go:318.23,320.3 1 0
mobius/dispatcher.go:322.2,325.16 2 0
mobius/dispatcher.go:325.16,327.3 1 0
mobius/dispatcher.go:329.2,329.39 1 0
mobius/dispatcher.go:329.39,331.3 1 0
mobius/dispatcher.go:333.2,334.29 2 0
mobius/dispatcher.go:334.29,336.17 2 0
mobius/dispatcher.go:336.17,338.25 2 0
mobius/dispatcher.go:338.25,339.56 1 0
mobius/dispatcher.go:339.56,341.6 1 0
mobius/dispatcher.go:345.2,345.19 1 0
mobius/dispatcher.go:353.64,355.16 2 0
mobius/dispatcher.go:355.16,358.3 2 0
mobius/dispatcher.go:359.2,359.31 1 0
mobius/dispatcher.go:359.31,360.10 1 0
mobius/dispatcher.go:361.28,363.20 2 0
mobius/dispatcher.go:363.20,364.18 1 0
mobius/dispatcher.go:364.18,365.34 1 0
mobius/dispatcher.go:365.34,368.7 1 0
mobius/dispatcher.go:369.6,370.17 2 0
mobius/dispatcher.go:372.5,372.32 1 0
mobius/dispatcher.go:374.21,375.10 1 0
mobius/dispatcher.go:385.80,387.16 2 0
mobius/dispatcher.go:387.16,389.3 1 0
mobius/dispatcher.go:390.2,400.16 3 0
mobius/dispatcher.go:400.16,402.3 1 0
mobius/dispatcher.go:403.2,406.18 3 0
mobius/dispatcher.go:406.18,408.40 2 0
mobius/dispatcher.go:408.40,410.4 1 0
mobius/dispatcher.go:412.2,414.23 2 0
mobius/dispatcher.go:414.23,416.3 1 0
mobius/dispatcher.go:418.2,420.90 2 0
mobius/dispatcher.go:420.90,422.3 1 0
mobius/dispatcher.go:424.2,424.39 1 0
mobius/dispatcher.go:424.39,426.3 1 0
mobius/dispatcher.go:428.2,429.29 2 0
mobius/dispatcher.go:429.29,430.56 1 0
mobius/dispatcher.go:430.56,432.4 1 0
mobius/dispatcher.go:434.2,434.19 1 0
mobius/dispatcher.go:442.79,443.22 1 0
mobius/dispatcher.go:443.22,445.3 1 0
mobius/dispatcher.go:446.2,447.16 2 0
mobius/dispatcher.go:447.16,450.3 2 0
mobius/dispatcher.go:453.2,453.65 1 0
mobius/dispatcher.go:453.65,457.3 2 0
mobius/dispatcher.go:459.2,460.23 2 0
mobius/dispatcher.go:460.23,462.3 1 0
mobius/dispatcher.go:463.2,464.9 2 0
mobius/dispatcher.go:464.9,467.3 2 0
mobius/dispatcher.go:469.2,487.16 9 0
mobius/dispatcher.go:487.16,491.3 3 0
mobius/dispatcher.go:493.2,493.75 1 0
mobius/dispatcher.go:496.78,497.23 1 0
mobius/dispatcher.go:497.23,500.3 2 0
mobius/dispatcher.go:502.2,503.16 2 0
mobius/dispatcher.go:503.16,506.3 2 0
mobius/dispatcher.go:508.2,509.23 2 0
mobius/dispatcher.go:509.23,511.3 1 0
mobius/dispatcher.go:513.2,514.9 2 0
mobius/dispatcher.go:514.9,517.3 2 0
mobius/dispatcher.go:519.2,519.66 1 0
mobius/dispatcher.go:519.66,520.44 1 0
mobius/dispatcher.go:520.44,523.4 2 0
mobius/dispatcher.go:526.2,550.16 9 0
mobius/dispatcher.go:550.16,554.3 3 0
mobius/dispatcher.go:556.2,556.77 1 0
mobius/dispatcher.go:559.115,562.23 2 0
mobius/dispatcher.go:562.23,564.32 2 0
mobius/dispatcher.go:564.32,566.19 2 0
mobius/dispatcher.go:566.19,568.5 1 0
mobius/dispatcher.go:572.2,572.64 1 0
mobius/dispatcher.go:572.64,574.3 1 0
mobius/dispatcher.go:576.2,581.45 2 0
mobius/dispatcher.go:581.45,583.18 2 0
mobius/dispatcher.go:583.18,585.22 2 0
mobius/dispatcher.go:585.22,587.60 2 0
mobius/dispatcher.go:587.60,589.6 1 0
mobius/dispatcher.go:590.5,590.80 1 0
mobius/dispatcher.go:595.2,595.23 1 0
mobius/dispatcher.go:595.23,597.21 2 0
mobius/dispatcher.go:597.21,599.28 2 0
mobius/dispatcher.go:599.28,601.20 2 0
mobius/dispatcher.go:601.20,603.6 1 0
mobius/dispatcher.go:604.5,604.65 1 0
mobius/dispatcher.go:606.4,606.90 1 0
mobius/dispatcher.go:610.2,613.23 3 0
mobius/dispatcher.go:613.23,615.30 2 0
mobius/dispatcher.go:615.30,617.23 2 0
mobius/dispatcher.go:617.23,619.5 1 0
mobius/dispatcher.go:620.4,620.65 1 0
mobius/dispatcher.go:624.2,628.24 4 0
mobius/dispatcher.go:628.24,630.18 2 0
mobius/dispatcher.go:630.18,633.4 2 0
mobius/dispatcher.go:636.2,654.3 1 0
mobius/dispatcher.go:669.168,674.66 4 0
mobius/dispatcher.go:674.66,676.3 1 0
mobius/dispatcher.go:678.2,681.6 3 0
mobius/dispatcher.go:681.6,682.10 1 0
mobius/dispatcher.go:683.19,685.18 2 0
mobius/dispatcher.go:685.18,687.13 2 0
mobius/dispatcher.go:692.4,696.24 3 0
mobius/dispatcher.go:696.24,697.91 1 0
mobius/dispatcher.go:697.91,702.19 4 0
mobius/dispatcher.go:702.19,704.7 1 0
mobius/dispatcher.go:705.6,705.12 1 0
mobius/dispatcher.go:710.4,713.17 4 0
mobius/dispatcher.go:713.17,715.5 1 0
mobius/dispatcher.go:716.4,716.60 1 0
mobius/dispatcher.go:716.60,718.5 1 0
mobius/dispatcher.go:718.10,718.83 1 0
mobius/dispatcher.go:718.83,723.18 4 0
mobius/dispatcher.go:723.18,725.6 1 0
mobius/dispatcher.go:726.5,726.11 1 0
mobius/dispatcher.go:729.4,729.22 1 0
mobius/dispatcher.go:730.22,733.68 3 0
mobius/dispatcher.go:733.68,735.6 1 0
mobius/dispatcher.go:736.5,736.11 1 0
mobius/dispatcher.go:737.19,740.11 3 0
mobius/dispatcher.go:741.22,743.11 2 0
mobius/dispatcher.go:745.21,751.10 4 0
mobius/dispatcher.go:758.68,760.2 1 1
mobius/dispatcher.go:766.81,768.2 1 1
mobius/dispatcher.go:773.99,777.16 4 0
mobius/dispatcher.go:777.16,780.3 2 0
mobius/dispatcher.go:781.2,781.11 1 0
mobius/dispatcher.go:785.84,786.17 1 0
mobius/dispatcher.go:786.17,788.3 1 0
mobius/dispatcher.go:789.2,791.113 3 0
mobius/dispatcher.go:791.113,793.3 1 0
mobius/dispatcher.go:798.110,799.17 1 0
mobius/dispatcher.go:799.17,801.3 1 0
mobius/dispatcher.go:802.2,805.111 4 0
mobius/dispatcher.go:805.111,807.3 1 0
mobius/dispatcher.go:813.90,827.2 5 0
mobius/dispatcher.go:829.65,831.16 2 0
mobius/dispatcher.go:831.16,834.3 2 0
mobius/dispatcher.go:835.2,843.16 4 0
mobius/dispatcher.go:843.16,846.3 2 0
mobius/dispatcher.go:847.2,850.18 3 0
mobius/dispatcher.go:850.18,852.40 2 0
mobius/dispatcher.go:852.40,854.4 1 0
mobius/dispatcher.go:856.2,858.24 2 0
mobius/dispatcher.go:858.24,860.3 1 0
mobius/dispatcher.go:862.2,864.30 2 0
mobius/dispatcher.go:864.30,866.111 2 0
mobius/dispatcher.go:866.111,868.12 2 0
mobius/dispatcher.go:870.3,873.20 3 0
mobius/dispatcher.go:873.20,875.4 1 0
mobius/dispatcher.go:877.3,882.50 3 0
mobius/dispatcher.go:882.50,884.4 1 0
mobius/dispatcher.go:887.2,887.39 1 0
mobius/dispatcher.go:887.39,890.3 2 0
mobius/dispatcher.go:895.2,895.30 1 0
mobius/dispatcher.go:895.30,898.3 2 0
mobius/dispatcher.go:901.67,923.16 3 0
mobius/dispatcher.go:923.16,926.3 2 0
mobius/dispatcher.go:927.2,930.18 3 0
mobius/dispatcher.go:930.18,934.44 2 0
mobius/dispatcher.go:934.44,936.4 1 0
mobius/dispatcher.go:938.2,940.25 2 0
mobius/dispatcher.go:940.25,942.3 1 0
mobius/dispatcher.go:944.2,947.30 3 0
mobius/dispatcher.go:947.30,950.3 1 0
mobius/dispatcher.go:957.57,960.16 2 0
mobius/dispatcher.go:960.16,963.3 2 0
mobius/dispatcher.go:964.2,967.16 3 0
mobius/dispatcher.go:967.16,969.3 1 0
mobius/dispatcher.go:971.2,972.16 2 0
mobius/dispatcher.go:972.16,975.140 2 0
mobius/dispatcher.go:975.140,977.4 1 0
mobius/dispatcher.go:978.3,980.9 3 0
mobius/dispatcher.go:983.2,984.68 2 0
mobius/dispatcher.go:984.68,987.125 2 0
mobius/dispatcher.go:987.125,989.4 1 0
mobius/dispatcher.go:990.3,991.9 2 0
mobius/dispatcher.go:994.2,996.15 2 0
mobius/dispatcher.go:996.15,999.3 1 0
mobius/dispatcher.go:999.8,999.31 1 0
mobius/dispatcher.go:999.31,1001.15 2 0
mobius/dispatcher.go:1001.15,1004.4 1 0
mobius/dispatcher.go:1004.9,1008.4 1 0
[...]
mobius/tasks.go:645.37,646.12 1 0
mobius/tasks.go:649.3,655.17 3 0
mobius/tasks.go:655.17,656.12 1 0
mobius/tasks.go:659.3,659.18 1 0
mobius/tasks.go:659.18,660.118 1 0
mobius/tasks.go:660.118,662.5 1 0
mobius/tasks.go:663.4,664.55 2 0
mobius/tasks.go:668.2,668.22 1 0
mobius/tasks.go:671.97,680.16 2 0
mobius/tasks.go:680.16,682.3 1 0
mobius/tasks.go:683.2,686.18 3 0
mobius/tasks.go:686.18,690.67 3 0
mobius/tasks.go:690.67,692.4 1 0
mobius/tasks.go:693.3,693.22 1 0
mobius/tasks.go:693.22,695.4 1 0
mobius/tasks.go:696.3,696.34 1 0
mobius/tasks.go:699.2,699.21 1 0
mobius/tasks.go:699.21,701.3 1 0
mobius/tasks.go:702.2,702.22 1 0
mobius/tasks.go:705.113,708.20 3 0
mobius/tasks.go:708.20,710.3 1 0
mobius/tasks.go:712.2,717.16 2 0
mobius/tasks.go:717.16,719.3 1 0
mobius/tasks.go:720.2,722.16 2 0
mobius/tasks.go:722.16,726.17 3 0
mobius/tasks.go:726.17,728.4 1 0
mobius/tasks.go:731.2,731.17 1 0
mobius/tasks.go:736.72,737.23 1 0
mobius/tasks.go:737.23,740.3 2 0
mobius/tasks.go:742.2,748.16 6 0
mobius/tasks.go:748.16,751.3 2 0
mobius/tasks.go:752.2,752.21 1 0
mobius/tasks.go:755.70,756.23 1 0
mobius/tasks.go:756.23,759.3 2 0
mobius/tasks.go:761.2,763.16 3 0
mobius/tasks.go:763.16,766.3 2 0
mobius/tasks.go:767.2,767.20 1 0
mobius/tasks.go:770.73,771.23 1 0
mobius/tasks.go:771.23,774.3 2 0
mobius/tasks.go:776.2,788.62 2 0
mobius/tasks.go:788.62,791.3 2 0
mobius/tasks.go:792.2,792.22 1 0
mobius/tasks.go:792.22,795.3 2 0
mobius/tasks.go:797.2,803.27 2 0
mobius/tasks.go:803.27,805.3 1 0
mobius/tasks.go:806.2,806.26 1 0
mobius/tasks.go:806.26,808.3 1 0
mobius/tasks.go:809.2,809.26 1 0
mobius/tasks.go:809.26,810.79 1 0
mobius/tasks.go:810.79,813.4 2 0
mobius/tasks.go:814.3,814.32 1 0
mobius/tasks.go:817.2,817.22 1 0
mobius/tasks.go:817.22,818.26 1 0
mobius/tasks.go:818.26,821.4 2 0
mobius/tasks.go:822.3,823.17 2 0
mobius/tasks.go:823.17,826.4 2 0
mobius/tasks.go:827.3,831.72 4 0
mobius/tasks.go:831.72,834.4 2 0
mobius/tasks.go:836.3,837.17 2 0
mobius/tasks.go:837.17,840.4 2 0
mobius/tasks.go:841.3,841.24 1 0
mobius/tasks.go:841.24,842.66 1 0
mobius/tasks.go:842.66,844.5 1 0
mobius/tasks.go:846.3,849.9 4 0
mobius/tasks.go:852.2,853.17 2 0
mobius/tasks.go:853.17,855.3 1 0
mobius/tasks.go:857.2,857.68 1 0
mobius/tasks.go:857.68,860.3 2 0
mobius/tasks.go:862.2,863.16 2 0
mobius/tasks.go:863.16,866.3 2 0
mobius/tasks.go:868.2,868.23 1 0
mobius/tasks.go:868.23,869.65 1 0
mobius/tasks.go:869.65,871.4 1 0
mobius/tasks.go:874.2,876.20 3 0
mobius/tasks.go:879.79,880.23 1 0
mobius/tasks.go:880.23,883.3 2 0
mobius/tasks.go:885.2,893.62 3 0
mobius/tasks.go:893.62,896.3 2 0
mobius/tasks.go:898.2,898.131 1 0
mobius/tasks.go:898.131,901.3 2 0
mobius/tasks.go:903.2,904.16 2 0
mobius/tasks.go:904.16,907.3 2 0
mobius/tasks.go:909.2,909.23 1 0
mobius/tasks.go:909.23,910.65 1 0
mobius/tasks.go:910.65,912.4 1 0
mobius/tasks.go:915.2,916.20 2 0
mobius/tasks.go:919.73,920.23 1 0
mobius/tasks.go:920.23,923.3 2 0
mobius/tasks.go:925.2,926.63 2 0
mobius/tasks.go:926.63,929.3 2 0
mobius/tasks.go:931.2,931.23 1 0
mobius/tasks.go:931.23,932.66 1 0
mobius/tasks.go:932.66,934.4 1 0
mobius/tasks.go:937.2,938.49 2 0
mobius/tasks.go:941.79,942.23 1 0
mobius/tasks.go:942.23,945.3 2 0
mobius/tasks.go:947.2,953.62 3 0
mobius/tasks.go:953.62,956.3 2 0
mobius/tasks.go:958.2,958.111 1 0
mobius/tasks.go:958.111,961.3 2 0
mobius/tasks.go:963.2,964.16 2 0
mobius/tasks.go:964.16,967.3 2 0
mobius/tasks.go:970.2,971.20 2 0
mobius/tasks.go:974.79,975.23 1 0
mobius/tasks.go:975.23,978.3 2 0
mobius/tasks.go:980.2,982.16 3 0
mobius/tasks.go:982.16,985.3 2 0
mobius/tasks.go:986.2,986.24 1 0
mobius/tasks.go:989.77,990.23 1 0
mobius/tasks.go:990.23,993.3 2 0
mobius/tasks.go:995.2,1000.62 3 0
mobius/tasks.go:1000.62,1003.3 2 0
mobius/tasks.go:1004.2,1004.24 1 0
mobius/tasks.go:1004.24,1007.3 2 0
mobius/tasks.go:1009.2,1010.16 2 0
mobius/tasks.go:1010.16,1013.3 2 0
mobius/tasks.go:1015.2,1017.23 3 0
mobius/tasks.go:1020.75,1021.23 1 0
mobius/tasks.go:1021.23,1024.3 2 0
mobius/tasks.go:1026.2,1028.16 3 0
mobius/tasks.go:1028.16,1031.3 2 0
mobius/tasks.go:1032.2,1032.20 1 0
mobius/tasks.go:1035.81,1036.23 1 0
mobius/tasks.go:1036.23,1039.3 2 0
mobius/tasks.go:1041.2,1047.62 3 0
mobius/tasks.go:1047.62,1050.3 2 0
mobius/tasks.go:1052.2,1053.102 2 0
mobius/tasks.go:1053.102,1055.51 2 0
mobius/tasks.go:1055.51,1057.4 1 0
mobius/tasks.go:1057.9,1060.32 2 0
mobius/tasks.go:1060.32,1063.5 2 0
mobius/tasks.go:1066.3,1067.17 2 0
mobius/tasks.go:1067.17,1070.4 2 0
mobius/tasks.go:1071.3,1071.15 1 0
mobius/tasks.go:1074.2,1075.51 1 0
mobius/tasks.go:1075.51,1078.3 2 0
mobius/tasks.go:1080.2,1081.20 2 0
mobius/token_handlers.go:25.54,29.34 3 1
mobius/token_handlers.go:29.34,31.3 1 1
mobius/token_handlers.go:32.2,32.34 1 1
mobius/token_handlers.go:32.34,34.3 1 1
mobius/token_handlers.go:35.2,35.22 1 1
mobius/token_handlers.go:35.22,37.3 1 1
mobius/token_handlers.go:38.2,38.22 1 1
mobius/token_handlers.go:38.22,40.3 1 1
mobius/token_handlers.go:42.2,47.10 6 1
mobius/token_handlers.go:50.94,57.58 3 0
mobius/token_handlers.go:57.58,58.21 1 0
mobius/token_handlers.go:58.21,60.4 1 0
mobius/token_handlers.go:61.3,62.81 2 0
mobius/token_handlers.go:65.2,73.64 8 0
mobius/token_handlers.go:76.75,77.23 1 0
mobius/token_handlers.go:77.23,80.3 2 0
mobius/token_handlers.go:82.2,130.16 17 0
mobius/token_handlers.go:130.16,133.3 2 0
mobius/token_handlers.go:135.2,140.4 2 0
mobius/token_handlers.go:143.78,144.23 1 0
mobius/token_handlers.go:144.23,147.3 2 0
mobius/token_handlers.go:149.2,151.24 3 0
mobius/token_handlers.go:151.24,153.3 1 0
mobius/token_handlers.go:155.2,174.16 5 0
mobius/token_handlers.go:174.16,177.3 2 0
mobius/token_handlers.go:178.2,178.20 1 0
mobius/token_handlers.go:181.77,182.23 1 0
mobius/token_handlers.go:182.23,185.3 2 0
mobius/token_handlers.go:187.2,198.9 4 0
mobius/token_handlers.go:198.9,200.3 1 0
mobius/token_handlers.go:202.2,225.16 6 0
mobius/token_handlers.go:225.16,228.3 2 0
mobius/token_handlers.go:229.2,229.20 1 0
mobius/token_handlers.go:232.75,233.23 1 0
mobius/token_handlers.go:233.23,236.3 2 0
mobius/token_handlers.go:238.2,241.46 4 0
mobius/token_handlers.go:241.46,242.65 1 0
mobius/token_handlers.go:242.65,244.4 1 0
mobius/token_handlers.go:246.2,246.47 1 0
mobius/token_handlers.go:246.47,247.54 1 0
mobius/token_handlers.go:247.54,249.4 1 0
mobius/token_handlers.go:252.2,254.27 3 0
mobius/token_handlers.go:254.27,256.3 1 0
mobius/token_handlers.go:257.2,258.41 2 0
mobius/token_handlers.go:258.41,260.3 1 0
mobius/token_handlers.go:262.2,301.16 6 0
mobius/token_handlers.go:301.16,304.3 2 0
mobius/token_handlers.go:305.2,305.20 1 0
mobius/token_handlers.go:310.117,314.16 4 0
mobius/token_handlers.go:314.16,316.3 1 0
mobius/token_handlers.go:317.2,318.38 2 0
mobius/token_handlers.go:318.38,319.27 1 0
mobius/token_handlers.go:319.27,321.4 1 0
mobius/token_handlers.go:322.3,322.49 1 0
mobius/token_handlers.go:324.2,324.18 1 0
mobius/token_handlers.go:327.119,331.16 4 0
mobius/token_handlers.go:331.16,333.3 1 0
mobius/token_handlers.go:334.2,335.6 2 0
mobius/token_handlers.go:335.6,338.27 3 0
mobius/token_handlers.go:338.27,339.9 1 0
mobius/token_handlers.go:341.3,341.17 1 0
mobius/token_handlers.go:341.17,343.4 1 0
mobius/token_handlers.go:344.3,344.27 1 0
mobius/token_handlers.go:346.2,346.17 1 0
mobius/token_handlers.go:346.17,348.3 1 0
mobius/token_handlers.go:349.2,349.18 1 0
mobius/tools.go:804.61,811.91 5 1
mobius/tools.go:811.91,817.3 5 1
mobius/tools.go:819.2,819.58 1 1
mobius/tools.go:819.58,821.3 1 1
mobius/tools.go:823.2,823.35 1 1
mobius/tools.go:823.35,825.3 1 1
mobius/tools.go:827.2,827.42 1 1
mobius/tools.go:827.42,829.3 1 1
mobius/tools.go:833.2,833.40 1 1
mobius/tools.go:833.40,835.3 1 1
mobius/tools.go:837.2,837.45 1 1
mobius/tools.go:837.45,839.3 1 1
mobius/tools.go:842.2,842.44 1 1
mobius/tools.go:842.45,844.3 0 0
mobius/tools.go:845.2,845.45 1 1
mobius/tools.go:845.45,847.3 1 0
mobius/tools.go:848.2,848.46 1 1
mobius/tools.go:848.46,850.3 1 0
mobius/tools.go:851.2,851.46 1 1
mobius/tools.go:851.46,853.3 1 0
mobius/tools.go:857.2,859.44 1 1
mobius/tools.go:859.44,861.3 1 1
mobius/tools.go:863.2,863.14 1 1
mobius/tools.go:868.76,869.46 1 1
mobius/tools.go:869.46,871.3 1 1
mobius/tools.go:873.2,874.36 2 1
mobius/tools.go:874.36,876.32 2 1
mobius/tools.go:876.32,878.4 1 1
mobius/tools.go:879.3,879.44 1 1
mobius/tools.go:879.44,881.4 1 1
mobius/tools.go:883.2,883.17 1 1
mobius/tools.go:886.37,887.45 1 1
mobius/tools.go:887.45,889.39 2 1
mobius/tools.go:889.39,891.18 2 1
mobius/tools.go:891.18,893.5 1 1
mobius/tools.go:895.3,895.11 1 1
mobius/tools.go:897.2,901.20 5 1
mobius/tools.go:901.20,902.15 1 1
mobius/tools.go:902.15,903.12 1 1
mobius/tools.go:905.3,906.12 2 1
mobius/tools.go:906.12,908.4 1 1
mobius/tools.go:910.2,910.75 1 1
mobius/tools.go:913.33,947.2 1 0
mobius/tools.go:949.52,950.27 1 1
mobius/tools.go:950.27,952.3 1 1
mobius/tools.go:953.2,953.38 1 1
mobius/tools.go:953.38,955.3 1 1
mobius/tools.go:956.2,956.68 1 1
mobius/tools.go:956.68,958.3 1 1
mobius/tools.go:959.2,959.38 1 1
mobius/tools.go:959.38,961.3 1 1
mobius/tools.go:962.2,962.14 1 1
mobius/tools.go:965.48,966.25 1 1
mobius/tools.go:966.25,967.18 1 1
mobius/tools.go:967.18,969.4 1 1
mobius/tools.go:971.2,971.14 1 1
mobius/watermark.go:28.33,29.57 1 1
mobius/watermark.go:29.57,31.3 1 0
mobius/watermark.go:32.2,33.16 2 1
mobius/watermark.go:33.16,35.3 1 0
mobius/watermark.go:36.2,36.6 1 1
mobius/watermark.go:36.6,38.47 2 1
mobius/watermark.go:38.47,40.4 1 1
mobius/watermark.go:41.3,42.20 2 1
mobius/watermark.go:42.20,43.9 1 0
mobius/watermark.go:45.3,45.15 1 1
mobius/watermark.go:47.2,47.27 1 0
mobius/watermark.go:50.60,52.42 2 1
mobius/watermark.go:52.42,54.3 1 1
mobius/watermark.go:55.2,58.3 1 1
mobius/watermark.go:62.131,71.19 2 0
mobius/watermark.go:71.19,73.3 1 0
mobius/watermark.go:76.2,79.16 3 0
mobius/watermark.go:79.16,81.3 1 0
mobius/watermark.go:83.2,83.19 1 0
mobius/watermark.go:83.19,85.45 1 0
mobius/watermark.go:85.45,88.4 1 0
mobius/watermark.go:89.3,89.89 1 0
mobius/watermark.go:92.2,93.12 2 0
mobius/watermark.go:98.120,108.16 4 0
mobius/watermark.go:108.16,110.3 1 0
mobius/watermark.go:114.2,114.19 1 0
mobius/watermark.go:114.19,116.3 1 0
mobius/watermark.go:119.2,119.44 1 0
mobius/watermark.go:119.44,121.23 2 0
mobius/watermark.go:121.23,123.4 1 0
mobius/watermark.go:124.3,125.22 2 0
mobius/watermark.go:125.22,127.4 1 0
mobius/watermark.go:129.3,131.27 3 0
mobius/watermark.go:131.27,133.4 1 0
mobius/watermark.go:134.3,134.40 1 0
mobius/watermark.go:138.2,138.44 1 0
mobius/watermark.go:138.44,140.3 1 0
mobius/watermark.go:143.2,143.134 1 0
mobius/watermark.go:147.101,157.16 4 0
mobius/watermark.go:157.16,159.3 1 0
mobius/watermark.go:160.2,160.19 1 0
mobius/watermark.go:160.19,162.3 1 0
mobius/watermark.go:164.2,166.16 3 0
mobius/watermark.go:166.16,168.3 1 0
mobius/watermark.go:169.2,169.22 1 0
mobius/watermark.go:173.113,184.16 4 0
mobius/watermark.go:184.16,186.3 1 0
mobius/watermark.go:187.2,187.19 1 0
mobius/watermark.go:187.19,189.3 1 0
mobius/watermark.go:190.2,190.12 1 0
mobius/watermark.go:194.119,211.16 4 0
mobius/watermark.go:211.16,213.3 1 0
mobius/watermark.go:214.2,214.19 1 0
mobius/watermark.go:214.19,216.3 1 0
mobius/watermark.go:217.2,217.12 1 0
mobius/watermark.go:221.166,223.16 2 0
mobius/watermark.go:223.16,225.3 1 0
mobius/watermark.go:226.2,230.81 4 0
mobius/watermark.go:230.81,232.3 1 0
mobius/watermark.go:235.2,236.16 2 0
mobius/watermark.go:236.16,238.3 1 0
mobius/watermark.go:239.2,240.16 2 0
mobius/watermark.go:240.16,242.3 1 0
mobius/watermark.go:244.2,245.26 2 0
mobius/watermark.go:245.26,247.79 1 0
mobius/watermark.go:247.79,249.4 1 0
mobius/watermark.go:250.3,250.57 1 0
mobius/watermark.go:250.57,252.4 1 0
mobius/watermark.go:255.2,256.87 2 0
mobius/watermark.go:256.87,258.3 1 0
mobius/watermark.go:260.2,260.12 1 0
mobius/watermark.go:264.120,266.16 2 0
mobius/watermark.go:266.16,268.3 1 0
mobius/watermark.go:269.2,272.16 3 0
mobius/watermark.go:272.16,274.3 1 0
mobius/watermark.go:276.2,277.21 2 0
mobius/watermark.go:277.21,279.3 1 0
mobius/watermark.go:282.2,292.16 4 0
mobius/watermark.go:292.16,294.3 1 0
mobius/watermark.go:295.2,295.19 1 0
mobius/watermark.go:295.19,297.3 1 0
mobius/watermark.go:299.2,300.16 2 0
mobius/watermark.go:300.16,302.3 1 0
mobius/watermark.go:303.2,303.21 1 0
mobius/watermark.go:303.21,305.3 1 0
mobius/watermark.go:308.2,311.26 3 0
mobius/watermark.go:311.26,313.17 2 0
mobius/watermark.go:313.17,315.12 2 0
mobius/watermark.go:317.3,317.15 1 0
mobius/watermark.go:317.15,320.4 2 0
mobius/watermark.go:323.2,323.24 1 0
mobius/watermark.go:323.24,325.3 1 0
mobius/watermark.go:328.2,330.45 3 0
mobius/watermark.go:330.45,331.27 1 0
mobius/watermark.go:331.27,334.4 2 0
mobius/watermark.go:338.2,340.26 3 0
mobius/watermark.go:340.26,342.3 1 0
mobius/watermark.go:343.2,345.17 2 0
mobius/watermark.go:345.17,347.3 1 0
mobius/watermark.go:349.2,349.26 1 0
mobius/watermark.go:367.146,375.2 1 1
mobius/watermark.go:378.136,380.69 1 0
mobius/watermark.go:380.69,383.3 2 0
mobius/watermark.go:385.2,389.41 3 0
mobius/watermark.go:389.41,392.17 3 0
mobius/watermark.go:392.17,395.4 2 0
mobius/watermark.go:396.3,396.26 1 0
mobius/watermark.go:397.8,399.3 1 0
mobius/watermark.go:401.2,401.29 1 0
mobius/watermark.go:401.29,404.3 2 0
mobius/watermark.go:407.2,412.34 5 0
mobius/watermark.go:412.34,413.21 1 0
mobius/watermark.go:413.21,415.4 1 0
mobius/watermark.go:415.9,417.4 1 0
mobius/watermark.go:420.2,420.38 1 0
mobius/watermark.go:420.38,423.3 2 0
mobius/watermark.go:424.2,424.38 1 0
mobius/watermark.go:424.38,427.3 2 0
mobius/watermark.go:429.2,432.44 3 0
mobius/watermark.go:432.44,433.23 1 0
mobius/watermark.go:433.23,437.18 3 0
mobius/watermark.go:437.18,439.5 1 0
mobius/watermark.go:440.4,443.13 3 0
mobius/watermark.go:443.13,445.19 2 0
mobius/watermark.go:445.19,447.6 1 0
mobius/watermark.go:448.5,449.36 2 0
mobius/watermark.go:449.36,451.6 1 0
mobius/watermark.go:454.4,459.13 5 0
mobius/watermark.go:459.13,462.19 3 0
mobius/watermark.go:462.19,464.6 1 0
mobius/watermark.go:465.5,466.14 2 0
mobius/watermark.go:467.10,470.19 3 0
mobius/watermark.go:470.19,472.6 1 0
mobius/watermark.go:473.5,474.14 2 0
mobius/watermark.go:476.4,479.13 2 0
mobius/watermark.go:479.13,480.111 1 0
mobius/watermark.go:480.111,482.6 1 0
mobius/watermark.go:483.10,485.5 1 0
mobius/watermark.go:487.4,487.18 1 0
mobius/watermark.go:487.18,489.5 1 0
mobius/watermark.go:492.4,493.13 2 0
mobius/watermark.go:493.13,495.5 1 0
mobius/watermark.go:497.4,498.18 2 0
mobius/watermark.go:498.18,500.5 1 0
mobius/watermark.go:501.4,504.18 3 0
mobius/watermark.go:504.18,506.5 1 0
mobius/watermark.go:508.4,509.14 2 0
mobius/watermark.go:512.3,512.17 1 0
mobius/watermark.go:512.17,515.4 2 0
mobius/watermark.go:518.2,519.63 2 0
mobius/watermark.go:519.63,521.3 1 0
mobius/watermark.go:524.107,526.16 2 0
mobius/watermark.go:526.16,528.3 1 0
mobius/watermark.go:529.2,532.75 3 0
mobius/watermark.go:532.75,535.3 2 0
mobius/watermark.go:536.2,536.23 1 0
mobius/watermark.go:539.99,540.32 1 1
mobius/watermark.go:540.32,541.86 1 1
mobius/watermark.go:541.86,543.4 1 0
mobius/watermark.go:545.2,545.71 1 1
mobius/watermark.go:548.91,552.65 3 0
mobius/watermark.go:552.65,554.3 1 0
mobius/watermark.go:557.94,558.88 1 1
mobius/watermark.go:558.88,560.3 1 0
mobius/watermark.go:562.2,562.70 1 1
mobius/watermark.go:562.70,564.3 1 0
mobius/watermark.go:566.2,567.12 2 1
mobius/watermark.go:570.101,571.101 1 1
mobius/watermark.go:571.101,573.3 1 0
mobius/watermark.go:576.36,579.2 2 1
mobius/watermark.go:581.61,582.22 1 1
mobius/watermark.go:582.22,584.3 1 1
mobius/watermark.go:585.2,585.52 1 1
mobius/watermark_tools.go:14.169,22.76 7 1
mobius/watermark_tools.go:22.76,24.3 1 0
mobius/watermark_tools.go:26.2,26.23 1 1
mobius/watermark_tools.go:26.23,28.3 1 0
mobius/watermark_tools.go:30.2,34.43 4 1
mobius/watermark_tools.go:34.43,35.50 1 0
mobius/watermark_tools.go:35.50,37.4 1 0
mobius/watermark_tools.go:38.3,38.61 1 0
mobius/watermark_tools.go:39.8,39.46 1 1
mobius/watermark_tools.go:39.46,41.3 1 1
mobius/watermark_tools.go:41.8,43.3 1 0
mobius/watermark_tools.go:45.2,45.33 1 1
mobius/watermark_tools.go:45.33,47.3 1 0
mobius/watermark_tools.go:49.2,50.44 2 1
mobius/watermark_tools.go:50.44,51.51 1 0
mobius/watermark_tools.go:51.51,53.4 1 0
mobius/watermark_tools.go:54.3,54.62 1 0
mobius/watermark_tools.go:55.8,57.3 1 1
mobius/watermark_tools.go:59.2,64.23 4 1
mobius/watermark_tools.go:64.23,65.16 1 0
mobius/watermark_tools.go:65.16,67.4 1 0
mobius/watermark_tools.go:68.3,71.58 3 0
mobius/watermark_tools.go:71.58,72.34 1 0
mobius/watermark_tools.go:72.34,73.82 1 0
mobius/watermark_tools.go:73.82,75.11 2 0
mobius/watermark_tools.go:79.3,79.40 1 0
mobius/watermark_tools.go:79.40,81.4 1 0
mobius/watermark_tools.go:83.3,89.23 2 0
mobius/watermark_tools.go:89.23,91.4 1 0
mobius/watermark_tools.go:92.3,92.20 1 0
mobius/watermark_tools.go:92.20,94.4 1 0
mobius/watermark_tools.go:96.3,97.22 2 0
mobius/watermark_tools.go:97.22,99.4 1 0
mobius/watermark_tools.go:101.3,101.52 1 0
mobius/watermark_tools.go:101.52,103.4 1 0
mobius/watermark_tools.go:105.3,107.13 3 0
mobius/watermark_tools.go:107.13,110.4 2 0
mobius/watermark_tools.go:112.3,112.25 1 0
mobius/watermark_tools.go:112.25,113.54 1 0
mobius/watermark_tools.go:113.54,114.62 1 0
mobius/watermark_tools.go:114.62,116.6 1 0
mobius/watermark_tools.go:120.3,120.20 1 0
mobius/watermark_tools.go:120.20,122.21 2 0
mobius/watermark_tools.go:122.21,124.5 1 0
mobius/watermark_tools.go:125.4,127.7 1 0
mobius/watermark_tools.go:130.3,134.4 1 0
mobius/watermark_tools.go:137.2,138.18 2 1
mobius/watermark_tools.go:138.18,140.17 2 1
mobius/watermark_tools.go:140.17,142.4 1 1
mobius/watermark_tools.go:143.3,144.45 2 0
mobius/watermark_tools.go:144.45,146.4 1 0
mobius/watermark_tools.go:147.8,149.17 2 0
mobius/watermark_tools.go:149.17,151.4 1 0
mobius/watermark_tools.go:152.3,156.66 4 0
mobius/watermark_tools.go:156.66,158.4 1 0
mobius/watermark_tools.go:161.2,162.16 2 0
mobius/watermark_tools.go:162.16,164.3 1 0
mobius/watermark_tools.go:165.2,169.96 4 0
mobius/watermark_tools.go:169.96,171.3 1 0
mobius/watermark_tools.go:173.2,179.83 6 0
mobius/watermark_tools.go:179.83,182.3 2 0
mobius/watermark_tools.go:182.8,184.3 1 0
mobius/watermark_tools.go:186.2,187.16 2 0
mobius/watermark_tools.go:187.16,189.3 1 0
mobius/watermark_tools.go:190.2,193.16 3 0
mobius/watermark_tools.go:193.16,195.3 1 0
mobius/watermark_tools.go:197.2,202.3 2 0
mobius/watermark_tools.go:206.132,210.39 3 1
mobius/watermark_tools.go:210.39,212.3 1 0
mobius/watermark_tools.go:214.2,217.43 4 1
mobius/watermark_tools.go:217.43,218.50 1 0
mobius/watermark_tools.go:218.50,220.4 1 0
mobius/watermark_tools.go:221.3,221.61 1 0
mobius/watermark_tools.go:222.8,222.46 1 1
mobius/watermark_tools.go:222.46,224.3 1 1
mobius/watermark_tools.go:224.8,226.3 1 0
mobius/watermark_tools.go:228.2,228.33 1 1
mobius/watermark_tools.go:228.33,230.3 1 0
mobius/watermark_tools.go:232.2,235.18 3 1
mobius/watermark_tools.go:235.18,237.17 2 1
mobius/watermark_tools.go:237.17,239.4 1 1
mobius/watermark_tools.go:240.3,241.47 2 0
mobius/watermark_tools.go:241.47,243.4 1 0
mobius/watermark_tools.go:244.8,247.17 3 0
mobius/watermark_tools.go:247.17,249.4 1 0
mobius/watermark_tools.go:250.3,254.68 4 0
mobius/watermark_tools.go:254.68,256.4 1 0
mobius/watermark_tools.go:259.2,265.11 6 0
mobius/watermark_tools.go:265.11,267.3 1 0
mobius/watermark_tools.go:267.8,269.3 1 0
mobius/watermark_tools.go:271.2,271.16 1 0
mobius/watermark_tools.go:271.16,273.3 1 0
mobius/watermark_tools.go:275.2,275.15 1 0
mobius/watermark_tools.go:275.15,280.3 1 0
mobius/watermark_tools.go:282.2,286.3 1 0
mobius/watermark_tools.go:289.29,291.2 1 0
mobius/watermark_tools.go:293.69,295.16 2 1
mobius/watermark_tools.go:295.16,297.3 1 0
mobius/watermark_tools.go:298.2,299.16 2 1
mobius/watermark_tools.go:299.16,301.3 1 0
mobius/watermark_tools.go:302.2,302.85 1 1
mobius/watermark_tools.go:302.85,304.3 1 1
mobius/watermark_tools.go:305.2,305.17 1 1
